11140: 16:20:30.046 - ---
11140: 16:20:30.046 - Service: "Photon Socket Server" starting
11140: 16:20:30.046 - Config File: D:\Photon-OnPremise-Server-SDK_v3-4-30-9719\deploy\bin_Win64\PhotonServer.config
11140: 16:20:30.046 - Will produce at most: 10 crash dumps
11140: 16:20:30.046 - Service shutting down
11140: 16:20:30.046 - Service shut down complete
1756: 16:28:31.220 - ---
1756: 16:28:31.220 - Service: "Photon Socket Server" starting
1756: 16:28:31.220 - Config File: D:\Photon-OnPremise-Server-SDK_v3-4-30-9719\deploy\bin_Win64\PhotonServer.config
1756: 16:28:31.221 - Will produce at most: 10 crash dumps
1756: 16:28:31.221 - Service shutting down
1756: 16:28:31.221 - Service shut down complete
8016: 16:30:38.889 - ---
8016: 16:30:38.889 - Service: "Photon Socket Server" starting
8016: 16:30:38.889 - Config File: D:\Photon-OnPremise-Server-SDK_v3-4-30-9719\deploy\bin_Win64\PhotonServer.config
8016: 16:30:38.889 - Will produce at most: 10 crash dumps
8016: 16:30:38.889 - Service shutting down
8016: 16:30:38.889 - Service shut down complete
8660: 16:30:49.057 - ---
8660: 16:30:49.057 - Service: "Photon Socket Server" starting
8660: 16:30:49.057 - Config File: D:\Photon-OnPremise-Server-SDK_v3-4-30-9719\deploy\bin_Win64\PhotonServer.config
8660: 16:30:49.058 - Will produce at most: 10 crash dumps
8660: 16:30:49.058 - Service shutting down
8660: 16:30:49.058 - Service shut down complete
5436: 16:44:00.383 - ---
5436: 16:44:00.383 - Service: "Photon Socket Server" starting
5436: 16:44:00.383 - Config File: D:\Photon-OnPremise-Server-SDK_v3-4-30-9719\deploy\bin_Win64\PhotonServer.config
5436: 16:44:00.383 - Will produce at most: 10 crash dumps
5436: 16:44:00.383 - Service shutting down
5436: 16:44:00.383 - Service shut down complete
