3064: 14:32:00.128 - ---
3064: 14:32:00.128 - Service: "Photon Socket Server" starting
3064: 14:32:00.128 - Config File: D:\Photon-OnPremise-Server-SDK_v3-4-30-9719\deploy\bin_Win64\PhotonServer.config
3064: 14:32:00.128 - Will produce at most: 10 crash dumps
3064: 14:32:00.128 - Action: run as exe
3064: 14:32:00.128 - Server Starting...
3064: 14:32:00.128 -    Tick count: 8514750 (wraps in: 49.6117 days)
3064: 14:32:00.128 - Tick count 64: 8514750
3064: 14:32:00.128 - Photon Version: 3.4.8.2804
3064: 14:32:00.128 - PID: 5716
3064: 14:32:00.128 - Config File: D:\Photon-OnPremise-Server-SDK_v3-4-30-9719\deploy\bin_Win64\PhotonServer.config
3064: 14:32:00.128 - Will NOT log unimportant exceptions
3064: 14:32:00.130 - Not using performance counters as they are not currently installed. Run the service with /InstallCounters to install them.
3064: 14:32:00.130 - Shutdown timeout enabled: 30000ms
3064: 14:32:00.130 - Starting I/O thread pool with 2 threads
3064: 14:32:00.130 - Using Standard allocator
3064: 14:32:00.130 - Max message size: 512000
3064: 14:32:00.130 - Starting business logic thread pool with the following settings
3064: 14:32:00.130 - InitialThreads: 4 threads
3064: 14:32:00.130 - MinThreads: 4 threads
3064: 14:32:00.130 - Thread pool is fixed size
3064: 14:32:00.130 - Starting ENet thread pool with the following settings
3064: 14:32:00.130 - InitialThreads: 2 threads
3064: 14:32:00.130 - MinThreads: 2 threads
3064: 14:32:00.130 - Thread pool is fixed size
3064: 14:32:00.130 - OnlyDispatchTimers: False
3064: 14:32:00.130 - S2S: flow control: Max pending writes: 50
3064: 14:32:00.130 - S2S: flow control: Max queued buffers: 200
3064: 14:32:00.130 - S2S: flow control: Max pending writes MUX: 500
3064: 14:32:00.130 - S2S: flow control: Max queued buffers MUX: 2000
3064: 14:32:00.130 - S2S: MaxInboundMessageSize: 512000
3064: 14:32:00.130 - S2S: MaxOutboundMessageSize: 512000
3064: 14:32:00.130 - S2S: No inactivity timeout
3064: 14:32:00.131 - WebSocket S2S: MaxInboundMessageSize: 512000
3064: 14:32:00.131 - WebSocket S2S: MaxOutboundMessageSize: 512000
3064: 14:32:00.131 - WebSocket S2S: No inactivity timeout
3064: 14:32:00.131 - Max Reliable Data In Transit (awaiting ACKs) per peer : 51200 bytes
3064: 14:32:00.131 - Per peer bandwidth limit
3064: 14:32:00.131 - Transmit Rate Limit: 256 KB/Sec
3064: 14:32:00.131 - Limit period: 200ms
3064: 14:32:00.131 - Limit per period: 52428 bytes
3064: 14:32:00.131 - Max queued data for transmission per peer: 512000 bytes
3064: 14:32:00.131 - Minimum retransmit timeout: 200
3064: 14:32:00.131 - No Maximum retransmit timeout
3064: 14:32:00.131 - Minimum ENet timeout: 5000ms
3064: 14:32:00.131 - Maximum ENet timeout: 30000ms
3064: 14:32:00.131 - Max Inbound Reliable Data Queued (awaiting resends of earlier sequence numbers) per peer : 163840 bytes
3064: 14:32:00.131 - No RTT ACK adjustment timeout
3064: 14:32:00.131 - Outbound ENet: MaxInboundMessageSize: 512000
3064: 14:32:00.131 - Outbound ENet: MaxOutboundMessageSize: 512000
3064: 14:32:00.132 - GetRuntime - About to load CLR - versions available:
3064: 14:32:00.132 - v2.0.50727
3064: 14:32:00.132 - v4.0.30319
3064: 14:32:00.132 - Configuration requests: "v2.0.50727"
3064: 14:32:00.132 - About to load version: "v2.0.50727"
3064: 14:32:00.158 - About to load runtime: PhotonHostRuntime.PhotonDomainManager from PhotonHostRuntime, Culture=neutral, PublicKeyToken=02C301B61B060C4D
3064: 14:32:00.158 - CLRBaseDirectory set to "D:\Photon-OnPremise-Server-SDK_v3-4-30-9719\deploy"
3064: 14:32:00.158 - Optimising event broadcast for 20 or more peers
3064: 14:32:00.159 - Start: About to load CLR - versions available:
3064: 14:32:00.159 - v2.0.50727
3064: 14:32:00.159 - v4.0.30319
3064: 14:32:00.159 - No preference in configuration file, will load latest.
3064: 14:32:00.159 - About to load version: "v4.0.30319"
3064: 14:32:00.159 - Loaded version: "v4.0.30319"
3064: 14:32:00.292 - Photon host runtime loaded
3064: 14:32:01.821 - LICENSE: No license file was found. Starting with Bootstrap License.
3064: 14:32:01.821 - License is valid.
3064: 14:32:01.821 - Licensed for 20 concurrent connections.
3064: 14:32:01.821 - ENet: Max Reliable Data In Transit (awaiting ACKs) per peer : 51200 bytes
3064: 14:32:01.821 - ENet: Per peer bandwidth limit
3064: 14:32:01.821 - ENet: Transmit Rate Limit: 256 KB/Sec
3064: 14:32:01.821 - ENet: Limit period: 200ms
3064: 14:32:01.821 - ENet: Limit per period: 52428 bytes
3064: 14:32:01.821 - ENet: Max queued data for transmission per peer: 512000 bytes
3064: 14:32:01.821 - ENet: Minimum retransmit timeout: 200
3064: 14:32:01.821 - ENet: Minimum timeout: 5000ms
3064: 14:32:01.821 - ENet: Maximum timeout: 30000ms
3064: 14:32:01.821 - ENet: Max Inbound Reliable Data Queued (awaiting resends of earlier sequence numbers) per peer : 163840 bytes
3064: 14:32:01.821 - About to load application: ChatServer from ChatServer
3064: 14:32:01.885 - Taking reference on default app domain
3064: 14:32:01.950 - Application: "ChatServer" started in app domain: 2
3064: 14:32:01.950 - Adding TCP listener on :0.0.0.0: 4530 with a listen backlog of: 150
3064: 14:32:01.950 - TCP inactivity timeout: 10000ms
3064: 14:32:01.950 - TCP disconnect timeout: 120000ms
3064: 14:32:01.950 - MaxInboundMessageSize: 512000
3064: 14:32:01.950 - MaxOutboundMessageSize: 512000
3064: 14:32:01.950 - Forcing all applications ids to: "ChatServer"
3064: 14:32:01.952 - Serving policy file requests from: "D:\Photon-OnPremise-Server-SDK_v3-4-30-9719\deploy\Policy\assets\socket-policy.xml"
3064: 14:32:01.952 - Adding WebSocket TCP listener on :127.0.0.1: 9090 with a listen backlog of: 150
3064: 14:32:01.952 - Nagle disabled
3064: 14:32:01.952 - TCP inactivity timeout: 10000ms
3064: 14:32:01.952 - MaxInboundMessageSize: 512000
3064: 14:32:01.952 - MaxOutboundMessageSize: 512000
3064: 14:32:01.952 - Forcing all applications ids to: "ChatServer"
3064: 14:32:01.952 - Will accept ANY sub-protocols from the client
3064: 14:32:01.952 - No automatic WebSocket ping
3064: 14:32:01.952 - Adding Policy File listener on :0.0.0.0: 843 with a listen backlog of: 150 and serving Policy File: "D:\Photon-OnPremise-Server-SDK_v3-4-30-9719\deploy\Policy\assets\socket-policy.xml"
3064: 14:32:01.952 - TCP inactivity timeout: 10000ms
3064: 14:32:01.954 - Adding Policy File listener on :0.0.0.0: 943 with a listen backlog of: 150 and serving Policy File: "D:\Photon-OnPremise-Server-SDK_v3-4-30-9719\deploy\Policy\assets\socket-policy-silverlight.xml"
3064: 14:32:01.954 - TCP inactivity timeout: 10000ms
3064: 14:32:01.961 - Service is running...
