2015-10-02 16:16:21,032 [ 1] INFO  PhotonHostRuntime.PhotonDomainManager - Initialize: ApplicationName = 'DefaultDomain', DomainID = '1'
2015-10-02 16:16:21,032 [ 1] INFO  PhotonHostRuntime.PhotonDomainManager - AppDomains with unhandled exceptions are usually not unloaded and restarted.
2015-10-02 16:16:21,047 [ 1] INFO  PhotonHostRuntime.PhotonDomainManager - Getting license information:
2015-10-02 16:16:21,329 [ 1] INFO  PhotonHostRuntime.PhotonLicensing - LICENSE: No license file was found - starting with Bootstrap License.
2015-10-02 16:16:21,329 [ 1] INFO  PhotonHostRuntime.PhotonLicensing - LICENSE: Expiration: never; floating license: no; max connections: 20; valid IPs: any
2015-10-02 16:16:22,629 [ 1] INFO  PhotonHostRuntime.PhotonDomainManager - CreateAppDomain: name = 'ChatServer' , assemblyName = 'ChatServer'
2015-10-02 16:16:22,629 [ 1] INFO  PhotonHostRuntime.PhotonDomainManager -   ApplicationBase = 'D:\Photon-OnPremise-Server-SDK_v3-4-30-9719\deploy'
2015-10-02 16:16:22,629 [ 1] INFO  PhotonHostRuntime.PhotonDomainManager -   PrivateBinPath = 'D:\Photon-OnPremise-Server-SDK_v3-4-30-9719\deploy\ChatServer\bin;bin_Win64;Shared;'
2015-10-02 16:16:22,629 [ 1] INFO  PhotonHostRuntime.PhotonDomainManager -   ConfigurationFile = ''
2015-10-02 16:16:22,629 [ 1] INFO  PhotonHostRuntime.PhotonDomainManager -   CachePath = ''
2015-10-02 16:16:22,660 [ 1] INFO  PhotonHostRuntime.PhotonDomainManager -   ApplicationPath = 'D:\Photon-OnPremise-Server-SDK_v3-4-30-9719\deploy\ChatServer'
2015-10-02 16:16:22,660 [ 1] INFO  PhotonHostRuntime.PhotonDomainManager -   BinaryPath = 'D:\Photon-OnPremise-Server-SDK_v3-4-30-9719\deploy\ChatServer\bin'
2015-10-02 16:16:22,660 [ 1] INFO  PhotonHostRuntime.PhotonDomainManager -   ApplicationRootPath = 'D:\Photon-OnPremise-Server-SDK_v3-4-30-9719\deploy'
2015-10-02 16:16:22,660 [ 1] INFO  PhotonHostRuntime.PhotonDomainManager -   UnmanagedLogPath = 'D:\Photon-OnPremise-Server-SDK_v3-4-30-9719\deploy\bin_Win64\log'
2015-10-02 16:16:22,676 [ 1] INFO  PhotonHostRuntime.PhotonDomainManager - AssemblyLoadEvent: ChatServer, Version=1.0.0.0, Culture=neutral, PublicKeyToken=null from file:///D:/Photon-OnPremise-Server-SDK_v3-4-30-9719/deploy/ChatServer/bin/ChatServer.DLL
2015-10-02 16:16:22,676 [ 1] INFO  PhotonHostRuntime.PhotonDomainManager - Photon SDK:3.4.30.9718
2015-10-02 16:16:22,676 [ 1] INFO  PhotonHostRuntime.PhotonDomainManager - AssemblyLoadEvent: Photon.SocketServer, Version=3.4.30.9718, Culture=neutral, PublicKeyToken=48c2fa3b6988090e from file:///D:/Photon-OnPremise-Server-SDK_v3-4-30-9719/deploy/ChatServer/bin/Photon.SocketServer.DLL
2015-10-02 16:16:22,676 [ 1] INFO  PhotonHostRuntime.PhotonDomainManager - AssemblyLoadEvent: ExitGamesLibs, Version=1.0.1.0, Culture=neutral, PublicKeyToken=eac0edd9746a4aa0 from file:///D:/Photon-OnPremise-Server-SDK_v3-4-30-9719/deploy/ChatServer/bin/ExitGamesLibs.DLL
2015-10-02 16:16:22,692 [ 1] INFO  PhotonHostRuntime.PhotonDomainManager - Starting: name = 'ChatServer', assemblyName = 'ChatServer', typeName = 'ChatServer'
2015-10-02 16:16:22,692 [ 1] INFO  PhotonHostRuntime.PhotonDomainManager - CreateAppDomain: name = 'Lite' , assemblyName = 'Lite'
2015-10-02 16:16:22,692 [ 1] INFO  PhotonHostRuntime.PhotonDomainManager -   ApplicationBase = 'D:\Photon-OnPremise-Server-SDK_v3-4-30-9719\deploy'
2015-10-02 16:16:22,692 [ 1] INFO  PhotonHostRuntime.PhotonDomainManager -   PrivateBinPath = 'D:\Photon-OnPremise-Server-SDK_v3-4-30-9719\deploy\Lite\bin;bin_Win64;Shared;'
2015-10-02 16:16:22,692 [ 1] INFO  PhotonHostRuntime.PhotonDomainManager -   ConfigurationFile = 'D:\Photon-OnPremise-Server-SDK_v3-4-30-9719\deploy\Lite\bin\Lite.dll.config'
2015-10-02 16:16:22,692 [ 1] INFO  PhotonHostRuntime.PhotonDomainManager -   CachePath = 'D:\Photon-OnPremise-Server-SDK_v3-4-30-9719\deploy\Lite\bin\Cache'
2015-10-02 16:16:22,773 [ 1] INFO  PhotonHostRuntime.PhotonDomainManager -   ApplicationPath = 'D:\Photon-OnPremise-Server-SDK_v3-4-30-9719\deploy\Lite'
2015-10-02 16:16:22,773 [ 1] INFO  PhotonHostRuntime.PhotonDomainManager -   BinaryPath = 'D:\Photon-OnPremise-Server-SDK_v3-4-30-9719\deploy\Lite\bin'
2015-10-02 16:16:22,789 [ 1] INFO  PhotonHostRuntime.PhotonDomainManager -   ApplicationRootPath = 'D:\Photon-OnPremise-Server-SDK_v3-4-30-9719\deploy'
2015-10-02 16:16:22,789 [ 1] INFO  PhotonHostRuntime.PhotonDomainManager -   UnmanagedLogPath = 'D:\Photon-OnPremise-Server-SDK_v3-4-30-9719\deploy\bin_Win64\log'
2015-10-02 16:16:22,804 [ 1] INFO  PhotonHostRuntime.PhotonDomainManager - AssemblyLoadEvent: Lite, Version=3.4.30.9718, Culture=neutral, PublicKeyToken=null from file:///D:/Photon-OnPremise-Server-SDK_v3-4-30-9719/deploy/Lite/bin/Lite.DLL
2015-10-02 16:16:22,804 [ 1] INFO  PhotonHostRuntime.PhotonDomainManager - Photon SDK:3.4.30.9718
2015-10-02 16:16:22,820 [ 1] INFO  PhotonHostRuntime.PhotonDomainManager - AssemblyLoadEvent: Photon.SocketServer, Version=3.4.30.9718, Culture=neutral, PublicKeyToken=48c2fa3b6988090e from file:///D:/Photon-OnPremise-Server-SDK_v3-4-30-9719/deploy/Lite/bin/Photon.SocketServer.DLL
2015-10-02 16:16:22,836 [ 1] INFO  PhotonHostRuntime.PhotonDomainManager - AssemblyLoadEvent: ExitGamesLibs, Version=1.0.1.0, Culture=neutral, PublicKeyToken=eac0edd9746a4aa0 from file:///D:/Photon-OnPremise-Server-SDK_v3-4-30-9719/deploy/Lite/bin/ExitGamesLibs.DLL
2015-10-02 16:16:22,836 [ 1] INFO  PhotonHostRuntime.PhotonDomainManager - Starting: name = 'Lite', assemblyName = 'Lite', typeName = 'Lite.LiteApplication'
2015-10-02 16:16:22,836 [ 1] INFO  PhotonHostRuntime.PhotonDomainManager - CreateAppDomain: name = 'LiteLobby' , assemblyName = 'LiteLobby'
2015-10-02 16:16:22,836 [ 1] INFO  PhotonHostRuntime.PhotonDomainManager -   ApplicationBase = 'D:\Photon-OnPremise-Server-SDK_v3-4-30-9719\deploy'
2015-10-02 16:16:22,836 [ 1] INFO  PhotonHostRuntime.PhotonDomainManager -   PrivateBinPath = 'D:\Photon-OnPremise-Server-SDK_v3-4-30-9719\deploy\LiteLobby\bin;bin_Win64;Shared;'
2015-10-02 16:16:22,836 [ 1] INFO  PhotonHostRuntime.PhotonDomainManager -   ConfigurationFile = 'D:\Photon-OnPremise-Server-SDK_v3-4-30-9719\deploy\LiteLobby\bin\LiteLobby.dll.config'
2015-10-02 16:16:22,836 [ 1] INFO  PhotonHostRuntime.PhotonDomainManager -   CachePath = 'D:\Photon-OnPremise-Server-SDK_v3-4-30-9719\deploy\LiteLobby\bin\Cache'
2015-10-02 16:16:22,898 [ 1] INFO  PhotonHostRuntime.PhotonDomainManager -   ApplicationPath = 'D:\Photon-OnPremise-Server-SDK_v3-4-30-9719\deploy\LiteLobby'
2015-10-02 16:16:22,898 [ 1] INFO  PhotonHostRuntime.PhotonDomainManager -   BinaryPath = 'D:\Photon-OnPremise-Server-SDK_v3-4-30-9719\deploy\LiteLobby\bin'
2015-10-02 16:16:22,898 [ 1] INFO  PhotonHostRuntime.PhotonDomainManager -   ApplicationRootPath = 'D:\Photon-OnPremise-Server-SDK_v3-4-30-9719\deploy'
2015-10-02 16:16:22,898 [ 1] INFO  PhotonHostRuntime.PhotonDomainManager -   UnmanagedLogPath = 'D:\Photon-OnPremise-Server-SDK_v3-4-30-9719\deploy\bin_Win64\log'
2015-10-02 16:16:22,914 [ 1] INFO  PhotonHostRuntime.PhotonDomainManager - AssemblyLoadEvent: LiteLobby, Version=3.4.30.9718, Culture=neutral, PublicKeyToken=null from file:///D:/Photon-OnPremise-Server-SDK_v3-4-30-9719/deploy/LiteLobby/bin/LiteLobby.DLL
2015-10-02 16:16:22,914 [ 1] INFO  PhotonHostRuntime.PhotonDomainManager - Photon SDK:3.4.30.9718
2015-10-02 16:16:22,929 [ 1] INFO  PhotonHostRuntime.PhotonDomainManager - AssemblyLoadEvent: Lite, Version=3.4.30.9718, Culture=neutral, PublicKeyToken=null from file:///D:/Photon-OnPremise-Server-SDK_v3-4-30-9719/deploy/LiteLobby/bin/Lite.DLL
2015-10-02 16:16:22,945 [ 1] INFO  PhotonHostRuntime.PhotonDomainManager - AssemblyLoadEvent: Photon.SocketServer, Version=3.4.30.9718, Culture=neutral, PublicKeyToken=48c2fa3b6988090e from file:///D:/Photon-OnPremise-Server-SDK_v3-4-30-9719/deploy/LiteLobby/bin/Photon.SocketServer.DLL
2015-10-02 16:16:22,961 [ 1] INFO  PhotonHostRuntime.PhotonDomainManager - AssemblyLoadEvent: ExitGamesLibs, Version=1.0.1.0, Culture=neutral, PublicKeyToken=eac0edd9746a4aa0 from file:///D:/Photon-OnPremise-Server-SDK_v3-4-30-9719/deploy/LiteLobby/bin/ExitGamesLibs.DLL
2015-10-02 16:16:22,961 [ 1] INFO  PhotonHostRuntime.PhotonDomainManager - Starting: name = 'LiteLobby', assemblyName = 'LiteLobby', typeName = 'LiteLobby.LiteLobbyApplication'
2015-10-02 16:16:22,976 [ 1] INFO  PhotonHostRuntime.PhotonDomainManager - CreateAppDomain: name = 'MmoDemo' , assemblyName = 'Photon.MmoDemo.Server'
2015-10-02 16:16:22,976 [ 1] INFO  PhotonHostRuntime.PhotonDomainManager -   ApplicationBase = 'D:\Photon-OnPremise-Server-SDK_v3-4-30-9719\deploy'
2015-10-02 16:16:22,976 [ 1] INFO  PhotonHostRuntime.PhotonDomainManager -   PrivateBinPath = 'D:\Photon-OnPremise-Server-SDK_v3-4-30-9719\deploy\MmoDemo\bin;bin_Win64;Shared;'
2015-10-02 16:16:22,976 [ 1] INFO  PhotonHostRuntime.PhotonDomainManager -   ConfigurationFile = ''
2015-10-02 16:16:22,976 [ 1] INFO  PhotonHostRuntime.PhotonDomainManager -   CachePath = 'D:\Photon-OnPremise-Server-SDK_v3-4-30-9719\deploy\MmoDemo\bin\Cache'
2015-10-02 16:16:23,023 [ 1] INFO  PhotonHostRuntime.PhotonDomainManager -   ApplicationPath = 'D:\Photon-OnPremise-Server-SDK_v3-4-30-9719\deploy\MmoDemo'
2015-10-02 16:16:23,039 [ 1] INFO  PhotonHostRuntime.PhotonDomainManager -   BinaryPath = 'D:\Photon-OnPremise-Server-SDK_v3-4-30-9719\deploy\MmoDemo\bin'
2015-10-02 16:16:23,039 [ 1] INFO  PhotonHostRuntime.PhotonDomainManager -   ApplicationRootPath = 'D:\Photon-OnPremise-Server-SDK_v3-4-30-9719\deploy'
2015-10-02 16:16:23,039 [ 1] INFO  PhotonHostRuntime.PhotonDomainManager -   UnmanagedLogPath = 'D:\Photon-OnPremise-Server-SDK_v3-4-30-9719\deploy\bin_Win64\log'
2015-10-02 16:16:23,054 [ 1] INFO  PhotonHostRuntime.PhotonDomainManager - AssemblyLoadEvent: Photon.MmoDemo.Server, Version=3.4.30.9718, Culture=neutral, PublicKeyToken=null from file:///D:/Photon-OnPremise-Server-SDK_v3-4-30-9719/deploy/MmoDemo/bin/Photon.MmoDemo.Server.DLL
2015-10-02 16:16:23,054 [ 1] INFO  PhotonHostRuntime.PhotonDomainManager - Photon SDK:3.4.30.9718
2015-10-02 16:16:23,070 [ 1] INFO  PhotonHostRuntime.PhotonDomainManager - AssemblyLoadEvent: Photon.SocketServer, Version=3.4.30.9718, Culture=neutral, PublicKeyToken=48c2fa3b6988090e from file:///D:/Photon-OnPremise-Server-SDK_v3-4-30-9719/deploy/MmoDemo/bin/Photon.SocketServer.DLL
2015-10-02 16:16:23,086 [ 1] INFO  PhotonHostRuntime.PhotonDomainManager - AssemblyLoadEvent: ExitGamesLibs, Version=1.0.1.0, Culture=neutral, PublicKeyToken=eac0edd9746a4aa0 from file:///D:/Photon-OnPremise-Server-SDK_v3-4-30-9719/deploy/MmoDemo/bin/ExitGamesLibs.DLL
2015-10-02 16:16:23,086 [ 1] INFO  PhotonHostRuntime.PhotonDomainManager - Starting: name = 'MmoDemo', assemblyName = 'Photon.MmoDemo.Server', typeName = 'Photon.MmoDemo.Server.PhotonApplication'
2015-10-02 16:16:23,086 [ 1] INFO  PhotonHostRuntime.PhotonDomainManager - CreateAppDomain: name = 'CounterPublisher' , assemblyName = 'CounterPublisher'
2015-10-02 16:16:23,086 [ 1] INFO  PhotonHostRuntime.PhotonDomainManager -   ApplicationBase = 'D:\Photon-OnPremise-Server-SDK_v3-4-30-9719\deploy'
2015-10-02 16:16:23,101 [ 1] INFO  PhotonHostRuntime.PhotonDomainManager -   PrivateBinPath = 'D:\Photon-OnPremise-Server-SDK_v3-4-30-9719\deploy\CounterPublisher\bin;bin_Win64;Shared;'
2015-10-02 16:16:23,101 [ 1] INFO  PhotonHostRuntime.PhotonDomainManager -   ConfigurationFile = 'D:\Photon-OnPremise-Server-SDK_v3-4-30-9719\deploy\CounterPublisher\bin\CounterPublisher.dll.config'
2015-10-02 16:16:23,101 [ 1] INFO  PhotonHostRuntime.PhotonDomainManager -   CachePath = 'D:\Photon-OnPremise-Server-SDK_v3-4-30-9719\deploy\CounterPublisher\bin\Cache'
2015-10-02 16:16:23,148 [ 1] INFO  PhotonHostRuntime.PhotonDomainManager -   ApplicationPath = 'D:\Photon-OnPremise-Server-SDK_v3-4-30-9719\deploy\CounterPublisher'
2015-10-02 16:16:23,148 [ 1] INFO  PhotonHostRuntime.PhotonDomainManager -   BinaryPath = 'D:\Photon-OnPremise-Server-SDK_v3-4-30-9719\deploy\CounterPublisher\bin'
2015-10-02 16:16:23,164 [ 1] INFO  PhotonHostRuntime.PhotonDomainManager -   ApplicationRootPath = 'D:\Photon-OnPremise-Server-SDK_v3-4-30-9719\deploy'
2015-10-02 16:16:23,164 [ 1] INFO  PhotonHostRuntime.PhotonDomainManager -   UnmanagedLogPath = 'D:\Photon-OnPremise-Server-SDK_v3-4-30-9719\deploy\bin_Win64\log'
2015-10-02 16:16:23,179 [ 1] INFO  PhotonHostRuntime.PhotonDomainManager - AssemblyLoadEvent: CounterPublisher, Version=3.4.30.9718, Culture=neutral, PublicKeyToken=null from file:///D:/Photon-OnPremise-Server-SDK_v3-4-30-9719/deploy/CounterPublisher/bin/CounterPublisher.DLL
2015-10-02 16:16:23,179 [ 1] INFO  PhotonHostRuntime.PhotonDomainManager - Photon SDK:3.4.30.9718
2015-10-02 16:16:23,195 [ 1] INFO  PhotonHostRuntime.PhotonDomainManager - AssemblyLoadEvent: Photon.SocketServer, Version=3.4.30.9718, Culture=neutral, PublicKeyToken=48c2fa3b6988090e from file:///D:/Photon-OnPremise-Server-SDK_v3-4-30-9719/deploy/CounterPublisher/bin/Photon.SocketServer.DLL
2015-10-02 16:16:23,211 [ 1] INFO  PhotonHostRuntime.PhotonDomainManager - AssemblyLoadEvent: ExitGamesLibs, Version=1.0.1.0, Culture=neutral, PublicKeyToken=eac0edd9746a4aa0 from file:///D:/Photon-OnPremise-Server-SDK_v3-4-30-9719/deploy/CounterPublisher/bin/ExitGamesLibs.DLL
2015-10-02 16:16:23,211 [ 1] INFO  PhotonHostRuntime.PhotonDomainManager - Starting: name = 'CounterPublisher', assemblyName = 'CounterPublisher', typeName = 'Photon.CounterPublisher.Application'
2015-10-02 16:16:23,226 [ 1] INFO  PhotonHostRuntime.PhotonDomainManager - PhotonRunning: ApplicationName = 'ChatServer', DomainId='2' -- calling Application.Setup
2015-10-02 16:16:23,242 [ 1] INFO  PhotonHostRuntime.PhotonDomainManager - PhotonRunning: ApplicationName = 'CounterPublisher', DomainId='6' -- calling Application.Setup
2015-10-02 16:16:23,258 [ 1] INFO  PhotonHostRuntime.PhotonDomainManager - AssemblyLoadEvent: ExitGames.Logging.Log4Net, Version=1.0.1.0, Culture=neutral, PublicKeyToken=eac0edd9746a4aa0 from file:///D:/Photon-OnPremise-Server-SDK_v3-4-30-9719/deploy/CounterPublisher/bin/ExitGames.Logging.Log4Net.DLL
2015-10-02 16:16:24,920 [ 1] INFO  PhotonHostRuntime.PhotonDomainManager - PhotonRunning: ApplicationName = 'Lite', DomainId='3' -- calling Application.Setup
2015-10-02 16:16:24,920 [ 1] INFO  PhotonHostRuntime.PhotonDomainManager - AssemblyLoadEvent: ExitGames.Logging.Log4Net, Version=1.0.1.0, Culture=neutral, PublicKeyToken=eac0edd9746a4aa0 from file:///D:/Photon-OnPremise-Server-SDK_v3-4-30-9719/deploy/Lite/bin/ExitGames.Logging.Log4Net.DLL
2015-10-02 16:16:25,019 [ 1] INFO  PhotonHostRuntime.PhotonDomainManager - PhotonRunning: ApplicationName = 'LiteLobby', DomainId='4' -- calling Application.Setup
2015-10-02 16:16:25,035 [ 1] INFO  PhotonHostRuntime.PhotonDomainManager - AssemblyLoadEvent: ExitGames.Logging.Log4Net, Version=1.0.1.0, Culture=neutral, PublicKeyToken=eac0edd9746a4aa0 from file:///D:/Photon-OnPremise-Server-SDK_v3-4-30-9719/deploy/LiteLobby/bin/ExitGames.Logging.Log4Net.DLL
2015-10-02 16:16:25,134 [ 1] INFO  PhotonHostRuntime.PhotonDomainManager - PhotonRunning: ApplicationName = 'MmoDemo', DomainId='5' -- calling Application.Setup
2015-10-02 16:16:25,150 [ 1] INFO  PhotonHostRuntime.PhotonDomainManager - AssemblyLoadEvent: ExitGames.Logging.Log4Net, Version=1.0.1.0, Culture=neutral, PublicKeyToken=eac0edd9746a4aa0 from file:///D:/Photon-OnPremise-Server-SDK_v3-4-30-9719/deploy/MmoDemo/bin/ExitGames.Logging.Log4Net.DLL
2015-10-02 16:16:25,618 [ 1] INFO  PhotonHostRuntime.PhotonDomainManager - PhotonRunning: ApplicationName = 'DefaultDomain', DomainId='1'
2015-10-02 16:20:30,046 [ 1] INFO  PhotonHostRuntime.PhotonDomainManager - RequestStop: ApplicationName = 'ChatServer', DomainId='2' -- calling Application.OnStopRequested()
2015-10-02 16:20:30,046 [ 1] INFO  PhotonHostRuntime.PhotonDomainManager - RequestStop: ApplicationName = 'CounterPublisher', DomainId='6' -- calling Application.OnStopRequested()
2015-10-02 16:20:30,062 [ 1] INFO  PhotonHostRuntime.PhotonDomainManager - RequestStop: ApplicationName = 'Lite', DomainId='3' -- calling Application.OnStopRequested()
2015-10-02 16:20:30,062 [ 1] INFO  PhotonHostRuntime.PhotonDomainManager - RequestStop: ApplicationName = 'LiteLobby', DomainId='4' -- calling Application.OnStopRequested()
2015-10-02 16:20:30,062 [ 1] INFO  PhotonHostRuntime.PhotonDomainManager - RequestStop: ApplicationName = 'MmoDemo', DomainId='5' -- calling Application.OnStopRequested()
2015-10-02 16:20:30,062 [ 1] INFO  PhotonHostRuntime.PhotonDomainManager - RequestStop: ApplicationName = 'DefaultDomain', DomainId='1'
2015-10-02 16:20:30,077 [ 1] INFO  PhotonHostRuntime.PhotonDomainManager - Stop: ApplicationName = 'ChatServer', DomainId='2' -- calling Application.TearDown()
2015-10-02 16:20:30,077 [ 1] INFO  PhotonHostRuntime.PhotonDomainManager - Stop: ApplicationName = 'CounterPublisher', DomainId='6' -- calling Application.TearDown()
2015-10-02 16:20:30,077 [ 1] INFO  PhotonHostRuntime.PhotonDomainManager - Stop: ApplicationName = 'Lite', DomainId='3' -- calling Application.TearDown()
2015-10-02 16:20:30,077 [ 1] INFO  PhotonHostRuntime.PhotonDomainManager - Stop: ApplicationName = 'LiteLobby', DomainId='4' -- calling Application.TearDown()
2015-10-02 16:20:30,093 [ 1] INFO  PhotonHostRuntime.PhotonDomainManager - Stop: ApplicationName = 'MmoDemo', DomainId='5' -- calling Application.TearDown()
2015-10-02 16:20:35,052 [ 1] INFO  PhotonHostRuntime.PhotonDomainManager - Initialize: ApplicationName = 'DefaultDomain', DomainID = '1'
2015-10-02 16:20:35,052 [ 1] INFO  PhotonHostRuntime.PhotonDomainManager - AppDomains with unhandled exceptions are usually not unloaded and restarted.
2015-10-02 16:20:35,067 [ 1] INFO  PhotonHostRuntime.PhotonDomainManager - Getting license information:
2015-10-02 16:20:35,340 [ 1] INFO  PhotonHostRuntime.PhotonLicensing - LICENSE: No license file was found - starting with Bootstrap License.
2015-10-02 16:20:35,341 [ 1] INFO  PhotonHostRuntime.PhotonLicensing - LICENSE: Expiration: never; floating license: no; max connections: 20; valid IPs: any
2015-10-02 16:20:36,684 [ 1] INFO  PhotonHostRuntime.PhotonDomainManager - CreateAppDomain: name = 'ChatServer' , assemblyName = 'ChatServer'
2015-10-02 16:20:36,700 [ 1] INFO  PhotonHostRuntime.PhotonDomainManager -   ApplicationBase = 'D:\Photon-OnPremise-Server-SDK_v3-4-30-9719\deploy'
2015-10-02 16:20:36,700 [ 1] INFO  PhotonHostRuntime.PhotonDomainManager -   PrivateBinPath = 'D:\Photon-OnPremise-Server-SDK_v3-4-30-9719\deploy\ChatServer\bin;bin_Win64;Shared;'
2015-10-02 16:20:36,700 [ 1] INFO  PhotonHostRuntime.PhotonDomainManager -   ConfigurationFile = ''
2015-10-02 16:20:36,700 [ 1] INFO  PhotonHostRuntime.PhotonDomainManager -   CachePath = ''
2015-10-02 16:20:36,731 [ 1] INFO  PhotonHostRuntime.PhotonDomainManager -   ApplicationPath = 'D:\Photon-OnPremise-Server-SDK_v3-4-30-9719\deploy\ChatServer'
2015-10-02 16:20:36,731 [ 1] INFO  PhotonHostRuntime.PhotonDomainManager -   BinaryPath = 'D:\Photon-OnPremise-Server-SDK_v3-4-30-9719\deploy\ChatServer\bin'
2015-10-02 16:20:36,731 [ 1] INFO  PhotonHostRuntime.PhotonDomainManager -   ApplicationRootPath = 'D:\Photon-OnPremise-Server-SDK_v3-4-30-9719\deploy'
2015-10-02 16:20:36,731 [ 1] INFO  PhotonHostRuntime.PhotonDomainManager -   UnmanagedLogPath = 'D:\Photon-OnPremise-Server-SDK_v3-4-30-9719\deploy\bin_Win64\log'
2015-10-02 16:20:36,731 [ 1] INFO  PhotonHostRuntime.PhotonDomainManager - AssemblyLoadEvent: ChatServer, Version=1.0.0.0, Culture=neutral, PublicKeyToken=null from file:///D:/Photon-OnPremise-Server-SDK_v3-4-30-9719/deploy/ChatServer/bin/ChatServer.DLL
2015-10-02 16:20:36,731 [ 1] INFO  PhotonHostRuntime.PhotonDomainManager - Photon SDK:3.4.30.9718
2015-10-02 16:20:36,746 [ 1] INFO  PhotonHostRuntime.PhotonDomainManager - AssemblyLoadEvent: Photon.SocketServer, Version=3.4.30.9718, Culture=neutral, PublicKeyToken=48c2fa3b6988090e from file:///D:/Photon-OnPremise-Server-SDK_v3-4-30-9719/deploy/ChatServer/bin/Photon.SocketServer.DLL
2015-10-02 16:20:36,746 [ 1] INFO  PhotonHostRuntime.PhotonDomainManager - AssemblyLoadEvent: ExitGamesLibs, Version=1.0.1.0, Culture=neutral, PublicKeyToken=eac0edd9746a4aa0 from file:///D:/Photon-OnPremise-Server-SDK_v3-4-30-9719/deploy/ChatServer/bin/ExitGamesLibs.DLL
2015-10-02 16:20:36,746 [ 1] INFO  PhotonHostRuntime.PhotonDomainManager - Starting: name = 'ChatServer', assemblyName = 'ChatServer', typeName = 'ChatServer'
2015-10-02 16:20:36,746 [ 1] INFO  PhotonHostRuntime.PhotonDomainManager - CreateAppDomain: name = 'Lite' , assemblyName = 'Lite'
2015-10-02 16:20:36,746 [ 1] INFO  PhotonHostRuntime.PhotonDomainManager -   ApplicationBase = 'D:\Photon-OnPremise-Server-SDK_v3-4-30-9719\deploy'
2015-10-02 16:20:36,762 [ 1] INFO  PhotonHostRuntime.PhotonDomainManager -   PrivateBinPath = 'D:\Photon-OnPremise-Server-SDK_v3-4-30-9719\deploy\Lite\bin;bin_Win64;Shared;'
2015-10-02 16:20:36,762 [ 1] INFO  PhotonHostRuntime.PhotonDomainManager -   ConfigurationFile = 'D:\Photon-OnPremise-Server-SDK_v3-4-30-9719\deploy\Lite\bin\Lite.dll.config'
2015-10-02 16:20:36,762 [ 1] INFO  PhotonHostRuntime.PhotonDomainManager -   CachePath = 'D:\Photon-OnPremise-Server-SDK_v3-4-30-9719\deploy\Lite\bin\Cache'
2015-10-02 16:20:36,810 [ 1] INFO  PhotonHostRuntime.PhotonDomainManager -   ApplicationPath = 'D:\Photon-OnPremise-Server-SDK_v3-4-30-9719\deploy\Lite'
2015-10-02 16:20:36,810 [ 1] INFO  PhotonHostRuntime.PhotonDomainManager -   BinaryPath = 'D:\Photon-OnPremise-Server-SDK_v3-4-30-9719\deploy\Lite\bin'
2015-10-02 16:20:36,810 [ 1] INFO  PhotonHostRuntime.PhotonDomainManager -   ApplicationRootPath = 'D:\Photon-OnPremise-Server-SDK_v3-4-30-9719\deploy'
2015-10-02 16:20:36,810 [ 1] INFO  PhotonHostRuntime.PhotonDomainManager -   UnmanagedLogPath = 'D:\Photon-OnPremise-Server-SDK_v3-4-30-9719\deploy\bin_Win64\log'
2015-10-02 16:20:36,825 [ 1] INFO  PhotonHostRuntime.PhotonDomainManager - AssemblyLoadEvent: Lite, Version=3.4.30.9718, Culture=neutral, PublicKeyToken=null from file:///D:/Photon-OnPremise-Server-SDK_v3-4-30-9719/deploy/Lite/bin/Lite.DLL
2015-10-02 16:20:36,825 [ 1] INFO  PhotonHostRuntime.PhotonDomainManager - Photon SDK:3.4.30.9718
2015-10-02 16:20:36,855 [ 1] INFO  PhotonHostRuntime.PhotonDomainManager - AssemblyLoadEvent: Photon.SocketServer, Version=3.4.30.9718, Culture=neutral, PublicKeyToken=48c2fa3b6988090e from file:///D:/Photon-OnPremise-Server-SDK_v3-4-30-9719/deploy/Lite/bin/Photon.SocketServer.DLL
2015-10-02 16:20:36,865 [ 1] INFO  PhotonHostRuntime.PhotonDomainManager - AssemblyLoadEvent: ExitGamesLibs, Version=1.0.1.0, Culture=neutral, PublicKeyToken=eac0edd9746a4aa0 from file:///D:/Photon-OnPremise-Server-SDK_v3-4-30-9719/deploy/Lite/bin/ExitGamesLibs.DLL
2015-10-02 16:20:36,865 [ 1] INFO  PhotonHostRuntime.PhotonDomainManager - Starting: name = 'Lite', assemblyName = 'Lite', typeName = 'Lite.LiteApplication'
2015-10-02 16:20:36,865 [ 1] INFO  PhotonHostRuntime.PhotonDomainManager - CreateAppDomain: name = 'LiteLobby' , assemblyName = 'LiteLobby'
2015-10-02 16:20:36,865 [ 1] INFO  PhotonHostRuntime.PhotonDomainManager -   ApplicationBase = 'D:\Photon-OnPremise-Server-SDK_v3-4-30-9719\deploy'
2015-10-02 16:20:36,865 [ 1] INFO  PhotonHostRuntime.PhotonDomainManager -   PrivateBinPath = 'D:\Photon-OnPremise-Server-SDK_v3-4-30-9719\deploy\LiteLobby\bin;bin_Win64;Shared;'
2015-10-02 16:20:36,880 [ 1] INFO  PhotonHostRuntime.PhotonDomainManager -   ConfigurationFile = 'D:\Photon-OnPremise-Server-SDK_v3-4-30-9719\deploy\LiteLobby\bin\LiteLobby.dll.config'
2015-10-02 16:20:36,880 [ 1] INFO  PhotonHostRuntime.PhotonDomainManager -   CachePath = 'D:\Photon-OnPremise-Server-SDK_v3-4-30-9719\deploy\LiteLobby\bin\Cache'
2015-10-02 16:20:36,927 [ 1] INFO  PhotonHostRuntime.PhotonDomainManager -   ApplicationPath = 'D:\Photon-OnPremise-Server-SDK_v3-4-30-9719\deploy\LiteLobby'
2015-10-02 16:20:36,927 [ 1] INFO  PhotonHostRuntime.PhotonDomainManager -   BinaryPath = 'D:\Photon-OnPremise-Server-SDK_v3-4-30-9719\deploy\LiteLobby\bin'
2015-10-02 16:20:36,927 [ 1] INFO  PhotonHostRuntime.PhotonDomainManager -   ApplicationRootPath = 'D:\Photon-OnPremise-Server-SDK_v3-4-30-9719\deploy'
2015-10-02 16:20:36,927 [ 1] INFO  PhotonHostRuntime.PhotonDomainManager -   UnmanagedLogPath = 'D:\Photon-OnPremise-Server-SDK_v3-4-30-9719\deploy\bin_Win64\log'
2015-10-02 16:20:36,943 [ 1] INFO  PhotonHostRuntime.PhotonDomainManager - AssemblyLoadEvent: LiteLobby, Version=3.4.30.9718, Culture=neutral, PublicKeyToken=null from file:///D:/Photon-OnPremise-Server-SDK_v3-4-30-9719/deploy/LiteLobby/bin/LiteLobby.DLL
2015-10-02 16:20:36,943 [ 1] INFO  PhotonHostRuntime.PhotonDomainManager - Photon SDK:3.4.30.9718
2015-10-02 16:20:36,958 [ 1] INFO  PhotonHostRuntime.PhotonDomainManager - AssemblyLoadEvent: Lite, Version=3.4.30.9718, Culture=neutral, PublicKeyToken=null from file:///D:/Photon-OnPremise-Server-SDK_v3-4-30-9719/deploy/LiteLobby/bin/Lite.DLL
2015-10-02 16:20:36,974 [ 1] INFO  PhotonHostRuntime.PhotonDomainManager - AssemblyLoadEvent: Photon.SocketServer, Version=3.4.30.9718, Culture=neutral, PublicKeyToken=48c2fa3b6988090e from file:///D:/Photon-OnPremise-Server-SDK_v3-4-30-9719/deploy/LiteLobby/bin/Photon.SocketServer.DLL
2015-10-02 16:20:36,990 [ 1] INFO  PhotonHostRuntime.PhotonDomainManager - AssemblyLoadEvent: ExitGamesLibs, Version=1.0.1.0, Culture=neutral, PublicKeyToken=eac0edd9746a4aa0 from file:///D:/Photon-OnPremise-Server-SDK_v3-4-30-9719/deploy/LiteLobby/bin/ExitGamesLibs.DLL
2015-10-02 16:20:36,990 [ 1] INFO  PhotonHostRuntime.PhotonDomainManager - Starting: name = 'LiteLobby', assemblyName = 'LiteLobby', typeName = 'LiteLobby.LiteLobbyApplication'
2015-10-02 16:20:36,990 [ 1] INFO  PhotonHostRuntime.PhotonDomainManager - CreateAppDomain: name = 'MmoDemo' , assemblyName = 'Photon.MmoDemo.Server'
2015-10-02 16:20:36,990 [ 1] INFO  PhotonHostRuntime.PhotonDomainManager -   ApplicationBase = 'D:\Photon-OnPremise-Server-SDK_v3-4-30-9719\deploy'
2015-10-02 16:20:37,005 [ 1] INFO  PhotonHostRuntime.PhotonDomainManager -   PrivateBinPath = 'D:\Photon-OnPremise-Server-SDK_v3-4-30-9719\deploy\MmoDemo\bin;bin_Win64;Shared;'
2015-10-02 16:20:37,005 [ 1] INFO  PhotonHostRuntime.PhotonDomainManager -   ConfigurationFile = ''
2015-10-02 16:20:37,005 [ 1] INFO  PhotonHostRuntime.PhotonDomainManager -   CachePath = 'D:\Photon-OnPremise-Server-SDK_v3-4-30-9719\deploy\MmoDemo\bin\Cache'
2015-10-02 16:20:37,052 [ 1] INFO  PhotonHostRuntime.PhotonDomainManager -   ApplicationPath = 'D:\Photon-OnPremise-Server-SDK_v3-4-30-9719\deploy\MmoDemo'
2015-10-02 16:20:37,052 [ 1] INFO  PhotonHostRuntime.PhotonDomainManager -   BinaryPath = 'D:\Photon-OnPremise-Server-SDK_v3-4-30-9719\deploy\MmoDemo\bin'
2015-10-02 16:20:37,052 [ 1] INFO  PhotonHostRuntime.PhotonDomainManager -   ApplicationRootPath = 'D:\Photon-OnPremise-Server-SDK_v3-4-30-9719\deploy'
2015-10-02 16:20:37,052 [ 1] INFO  PhotonHostRuntime.PhotonDomainManager -   UnmanagedLogPath = 'D:\Photon-OnPremise-Server-SDK_v3-4-30-9719\deploy\bin_Win64\log'
2015-10-02 16:20:37,068 [ 1] INFO  PhotonHostRuntime.PhotonDomainManager - AssemblyLoadEvent: Photon.MmoDemo.Server, Version=3.4.30.9718, Culture=neutral, PublicKeyToken=null from file:///D:/Photon-OnPremise-Server-SDK_v3-4-30-9719/deploy/MmoDemo/bin/Photon.MmoDemo.Server.DLL
2015-10-02 16:20:37,068 [ 1] INFO  PhotonHostRuntime.PhotonDomainManager - Photon SDK:3.4.30.9718
2015-10-02 16:20:37,083 [ 1] INFO  PhotonHostRuntime.PhotonDomainManager - AssemblyLoadEvent: Photon.SocketServer, Version=3.4.30.9718, Culture=neutral, PublicKeyToken=48c2fa3b6988090e from file:///D:/Photon-OnPremise-Server-SDK_v3-4-30-9719/deploy/MmoDemo/bin/Photon.SocketServer.DLL
2015-10-02 16:20:37,099 [ 1] INFO  PhotonHostRuntime.PhotonDomainManager - AssemblyLoadEvent: ExitGamesLibs, Version=1.0.1.0, Culture=neutral, PublicKeyToken=eac0edd9746a4aa0 from file:///D:/Photon-OnPremise-Server-SDK_v3-4-30-9719/deploy/MmoDemo/bin/ExitGamesLibs.DLL
2015-10-02 16:20:37,115 [ 1] INFO  PhotonHostRuntime.PhotonDomainManager - Starting: name = 'MmoDemo', assemblyName = 'Photon.MmoDemo.Server', typeName = 'Photon.MmoDemo.Server.PhotonApplication'
2015-10-02 16:20:37,115 [ 1] INFO  PhotonHostRuntime.PhotonDomainManager - CreateAppDomain: name = 'CounterPublisher' , assemblyName = 'CounterPublisher'
2015-10-02 16:20:37,115 [ 1] INFO  PhotonHostRuntime.PhotonDomainManager -   ApplicationBase = 'D:\Photon-OnPremise-Server-SDK_v3-4-30-9719\deploy'
2015-10-02 16:20:37,115 [ 1] INFO  PhotonHostRuntime.PhotonDomainManager -   PrivateBinPath = 'D:\Photon-OnPremise-Server-SDK_v3-4-30-9719\deploy\CounterPublisher\bin;bin_Win64;Shared;'
2015-10-02 16:20:37,115 [ 1] INFO  PhotonHostRuntime.PhotonDomainManager -   ConfigurationFile = 'D:\Photon-OnPremise-Server-SDK_v3-4-30-9719\deploy\CounterPublisher\bin\CounterPublisher.dll.config'
2015-10-02 16:20:37,115 [ 1] INFO  PhotonHostRuntime.PhotonDomainManager -   CachePath = 'D:\Photon-OnPremise-Server-SDK_v3-4-30-9719\deploy\CounterPublisher\bin\Cache'
2015-10-02 16:20:37,177 [ 1] INFO  PhotonHostRuntime.PhotonDomainManager -   ApplicationPath = 'D:\Photon-OnPremise-Server-SDK_v3-4-30-9719\deploy\CounterPublisher'
2015-10-02 16:20:37,177 [ 1] INFO  PhotonHostRuntime.PhotonDomainManager -   BinaryPath = 'D:\Photon-OnPremise-Server-SDK_v3-4-30-9719\deploy\CounterPublisher\bin'
2015-10-02 16:20:37,177 [ 1] INFO  PhotonHostRuntime.PhotonDomainManager -   ApplicationRootPath = 'D:\Photon-OnPremise-Server-SDK_v3-4-30-9719\deploy'
2015-10-02 16:20:37,177 [ 1] INFO  PhotonHostRuntime.PhotonDomainManager -   UnmanagedLogPath = 'D:\Photon-OnPremise-Server-SDK_v3-4-30-9719\deploy\bin_Win64\log'
2015-10-02 16:20:37,193 [ 1] INFO  PhotonHostRuntime.PhotonDomainManager - AssemblyLoadEvent: CounterPublisher, Version=3.4.30.9718, Culture=neutral, PublicKeyToken=null from file:///D:/Photon-OnPremise-Server-SDK_v3-4-30-9719/deploy/CounterPublisher/bin/CounterPublisher.DLL
2015-10-02 16:20:37,193 [ 1] INFO  PhotonHostRuntime.PhotonDomainManager - Photon SDK:3.4.30.9718
2015-10-02 16:20:37,208 [ 1] INFO  PhotonHostRuntime.PhotonDomainManager - AssemblyLoadEvent: Photon.SocketServer, Version=3.4.30.9718, Culture=neutral, PublicKeyToken=48c2fa3b6988090e from file:///D:/Photon-OnPremise-Server-SDK_v3-4-30-9719/deploy/CounterPublisher/bin/Photon.SocketServer.DLL
2015-10-02 16:20:37,224 [ 1] INFO  PhotonHostRuntime.PhotonDomainManager - AssemblyLoadEvent: ExitGamesLibs, Version=1.0.1.0, Culture=neutral, PublicKeyToken=eac0edd9746a4aa0 from file:///D:/Photon-OnPremise-Server-SDK_v3-4-30-9719/deploy/CounterPublisher/bin/ExitGamesLibs.DLL
2015-10-02 16:20:37,224 [ 1] INFO  PhotonHostRuntime.PhotonDomainManager - Starting: name = 'CounterPublisher', assemblyName = 'CounterPublisher', typeName = 'Photon.CounterPublisher.Application'
2015-10-02 16:20:37,240 [ 1] INFO  PhotonHostRuntime.PhotonDomainManager - PhotonRunning: ApplicationName = 'ChatServer', DomainId='2' -- calling Application.Setup
2015-10-02 16:20:37,255 [ 1] INFO  PhotonHostRuntime.PhotonDomainManager - PhotonRunning: ApplicationName = 'CounterPublisher', DomainId='6' -- calling Application.Setup
2015-10-02 16:20:37,255 [ 1] INFO  PhotonHostRuntime.PhotonDomainManager - AssemblyLoadEvent: ExitGames.Logging.Log4Net, Version=1.0.1.0, Culture=neutral, PublicKeyToken=eac0edd9746a4aa0 from file:///D:/Photon-OnPremise-Server-SDK_v3-4-30-9719/deploy/CounterPublisher/bin/ExitGames.Logging.Log4Net.DLL
2015-10-02 16:20:38,875 [ 1] INFO  PhotonHostRuntime.PhotonDomainManager - PhotonRunning: ApplicationName = 'Lite', DomainId='3' -- calling Application.Setup
2015-10-02 16:20:38,875 [ 1] INFO  PhotonHostRuntime.PhotonDomainManager - AssemblyLoadEvent: ExitGames.Logging.Log4Net, Version=1.0.1.0, Culture=neutral, PublicKeyToken=eac0edd9746a4aa0 from file:///D:/Photon-OnPremise-Server-SDK_v3-4-30-9719/deploy/Lite/bin/ExitGames.Logging.Log4Net.DLL
2015-10-02 16:20:38,984 [ 1] INFO  PhotonHostRuntime.PhotonDomainManager - PhotonRunning: ApplicationName = 'LiteLobby', DomainId='4' -- calling Application.Setup
2015-10-02 16:20:38,984 [ 1] INFO  PhotonHostRuntime.PhotonDomainManager - AssemblyLoadEvent: ExitGames.Logging.Log4Net, Version=1.0.1.0, Culture=neutral, PublicKeyToken=eac0edd9746a4aa0 from file:///D:/Photon-OnPremise-Server-SDK_v3-4-30-9719/deploy/LiteLobby/bin/ExitGames.Logging.Log4Net.DLL
2015-10-02 16:20:39,093 [ 1] INFO  PhotonHostRuntime.PhotonDomainManager - PhotonRunning: ApplicationName = 'MmoDemo', DomainId='5' -- calling Application.Setup
2015-10-02 16:20:39,093 [ 1] INFO  PhotonHostRuntime.PhotonDomainManager - AssemblyLoadEvent: ExitGames.Logging.Log4Net, Version=1.0.1.0, Culture=neutral, PublicKeyToken=eac0edd9746a4aa0 from file:///D:/Photon-OnPremise-Server-SDK_v3-4-30-9719/deploy/MmoDemo/bin/ExitGames.Logging.Log4Net.DLL
2015-10-02 16:20:39,578 [ 1] INFO  PhotonHostRuntime.PhotonDomainManager - PhotonRunning: ApplicationName = 'DefaultDomain', DomainId='1'
2015-10-02 16:28:31,232 [ 1] INFO  PhotonHostRuntime.PhotonDomainManager - RequestStop: ApplicationName = 'DefaultDomain', DomainId='1'
2015-10-02 16:28:34,882 [ 1] INFO  PhotonHostRuntime.PhotonDomainManager - Initialize: ApplicationName = 'DefaultDomain', DomainID = '1'
2015-10-02 16:28:34,882 [ 1] INFO  PhotonHostRuntime.PhotonDomainManager - AppDomains with unhandled exceptions are usually not unloaded and restarted.
2015-10-02 16:28:34,898 [ 1] INFO  PhotonHostRuntime.PhotonDomainManager - Getting license information:
2015-10-02 16:28:35,169 [ 1] INFO  PhotonHostRuntime.PhotonLicensing - LICENSE: No license file was found - starting with Bootstrap License.
2015-10-02 16:28:35,169 [ 1] INFO  PhotonHostRuntime.PhotonLicensing - LICENSE: Expiration: never; floating license: no; max connections: 20; valid IPs: any
2015-10-02 16:28:36,491 [ 1] INFO  PhotonHostRuntime.PhotonDomainManager - CreateAppDomain: name = 'ChatServer' , assemblyName = 'ChatServer'
2015-10-02 16:28:36,491 [ 1] INFO  PhotonHostRuntime.PhotonDomainManager -   ApplicationBase = 'D:\Photon-OnPremise-Server-SDK_v3-4-30-9719\deploy'
2015-10-02 16:28:36,491 [ 1] INFO  PhotonHostRuntime.PhotonDomainManager -   PrivateBinPath = 'D:\Photon-OnPremise-Server-SDK_v3-4-30-9719\deploy\ChatServer\bin;bin_Win64;Shared;'
2015-10-02 16:28:36,491 [ 1] INFO  PhotonHostRuntime.PhotonDomainManager -   ConfigurationFile = ''
2015-10-02 16:28:36,491 [ 1] INFO  PhotonHostRuntime.PhotonDomainManager -   CachePath = ''
2015-10-02 16:28:36,522 [ 1] INFO  PhotonHostRuntime.PhotonDomainManager -   ApplicationPath = 'D:\Photon-OnPremise-Server-SDK_v3-4-30-9719\deploy\ChatServer'
2015-10-02 16:28:36,522 [ 1] INFO  PhotonHostRuntime.PhotonDomainManager -   BinaryPath = 'D:\Photon-OnPremise-Server-SDK_v3-4-30-9719\deploy\ChatServer\bin'
2015-10-02 16:28:36,522 [ 1] INFO  PhotonHostRuntime.PhotonDomainManager -   ApplicationRootPath = 'D:\Photon-OnPremise-Server-SDK_v3-4-30-9719\deploy'
2015-10-02 16:28:36,522 [ 1] INFO  PhotonHostRuntime.PhotonDomainManager -   UnmanagedLogPath = 'D:\Photon-OnPremise-Server-SDK_v3-4-30-9719\deploy\bin_Win64\log'
2015-10-02 16:28:36,538 [ 1] INFO  PhotonHostRuntime.PhotonDomainManager - AssemblyLoadEvent: ChatServer, Version=1.0.0.0, Culture=neutral, PublicKeyToken=null from file:///D:/Photon-OnPremise-Server-SDK_v3-4-30-9719/deploy/ChatServer/bin/ChatServer.DLL
2015-10-02 16:28:36,538 [ 1] INFO  PhotonHostRuntime.PhotonDomainManager - Photon SDK:3.4.30.9718
2015-10-02 16:28:36,538 [ 1] INFO  PhotonHostRuntime.PhotonDomainManager - AssemblyLoadEvent: Photon.SocketServer, Version=3.4.30.9718, Culture=neutral, PublicKeyToken=48c2fa3b6988090e from file:///D:/Photon-OnPremise-Server-SDK_v3-4-30-9719/deploy/ChatServer/bin/Photon.SocketServer.DLL
2015-10-02 16:28:36,538 [ 1] INFO  PhotonHostRuntime.PhotonDomainManager - AssemblyLoadEvent: ExitGamesLibs, Version=1.0.1.0, Culture=neutral, PublicKeyToken=eac0edd9746a4aa0 from file:///D:/Photon-OnPremise-Server-SDK_v3-4-30-9719/deploy/ChatServer/bin/ExitGamesLibs.DLL
2015-10-02 16:28:36,553 [ 1] INFO  PhotonHostRuntime.PhotonDomainManager - Starting: name = 'ChatServer', assemblyName = 'ChatServer', typeName = 'ChatServer'
2015-10-02 16:28:36,553 [ 1] INFO  PhotonHostRuntime.PhotonDomainManager - CreateAppDomain: name = 'Lite' , assemblyName = 'Lite'
2015-10-02 16:28:36,553 [ 1] INFO  PhotonHostRuntime.PhotonDomainManager -   ApplicationBase = 'D:\Photon-OnPremise-Server-SDK_v3-4-30-9719\deploy'
2015-10-02 16:28:36,553 [ 1] INFO  PhotonHostRuntime.PhotonDomainManager -   PrivateBinPath = 'D:\Photon-OnPremise-Server-SDK_v3-4-30-9719\deploy\Lite\bin;bin_Win64;Shared;'
2015-10-02 16:28:36,553 [ 1] INFO  PhotonHostRuntime.PhotonDomainManager -   ConfigurationFile = 'D:\Photon-OnPremise-Server-SDK_v3-4-30-9719\deploy\Lite\bin\Lite.dll.config'
2015-10-02 16:28:36,553 [ 1] INFO  PhotonHostRuntime.PhotonDomainManager -   CachePath = 'D:\Photon-OnPremise-Server-SDK_v3-4-30-9719\deploy\Lite\bin\Cache'
2015-10-02 16:28:36,616 [ 1] INFO  PhotonHostRuntime.PhotonDomainManager -   ApplicationPath = 'D:\Photon-OnPremise-Server-SDK_v3-4-30-9719\deploy\Lite'
2015-10-02 16:28:36,616 [ 1] INFO  PhotonHostRuntime.PhotonDomainManager -   BinaryPath = 'D:\Photon-OnPremise-Server-SDK_v3-4-30-9719\deploy\Lite\bin'
2015-10-02 16:28:36,616 [ 1] INFO  PhotonHostRuntime.PhotonDomainManager -   ApplicationRootPath = 'D:\Photon-OnPremise-Server-SDK_v3-4-30-9719\deploy'
2015-10-02 16:28:36,616 [ 1] INFO  PhotonHostRuntime.PhotonDomainManager -   UnmanagedLogPath = 'D:\Photon-OnPremise-Server-SDK_v3-4-30-9719\deploy\bin_Win64\log'
2015-10-02 16:28:36,631 [ 1] INFO  PhotonHostRuntime.PhotonDomainManager - AssemblyLoadEvent: Lite, Version=3.4.30.9718, Culture=neutral, PublicKeyToken=null from file:///D:/Photon-OnPremise-Server-SDK_v3-4-30-9719/deploy/Lite/bin/Lite.DLL
2015-10-02 16:28:36,631 [ 1] INFO  PhotonHostRuntime.PhotonDomainManager - Photon SDK:3.4.30.9718
2015-10-02 16:28:36,654 [ 1] INFO  PhotonHostRuntime.PhotonDomainManager - AssemblyLoadEvent: Photon.SocketServer, Version=3.4.30.9718, Culture=neutral, PublicKeyToken=48c2fa3b6988090e from file:///D:/Photon-OnPremise-Server-SDK_v3-4-30-9719/deploy/Lite/bin/Photon.SocketServer.DLL
2015-10-02 16:28:36,667 [ 1] INFO  PhotonHostRuntime.PhotonDomainManager - AssemblyLoadEvent: ExitGamesLibs, Version=1.0.1.0, Culture=neutral, PublicKeyToken=eac0edd9746a4aa0 from file:///D:/Photon-OnPremise-Server-SDK_v3-4-30-9719/deploy/Lite/bin/ExitGamesLibs.DLL
2015-10-02 16:28:36,673 [ 1] INFO  PhotonHostRuntime.PhotonDomainManager - Starting: name = 'Lite', assemblyName = 'Lite', typeName = 'Lite.LiteApplication'
2015-10-02 16:28:36,676 [ 1] INFO  PhotonHostRuntime.PhotonDomainManager - CreateAppDomain: name = 'LiteLobby' , assemblyName = 'LiteLobby'
2015-10-02 16:28:36,678 [ 1] INFO  PhotonHostRuntime.PhotonDomainManager -   ApplicationBase = 'D:\Photon-OnPremise-Server-SDK_v3-4-30-9719\deploy'
2015-10-02 16:28:36,679 [ 1] INFO  PhotonHostRuntime.PhotonDomainManager -   PrivateBinPath = 'D:\Photon-OnPremise-Server-SDK_v3-4-30-9719\deploy\LiteLobby\bin;bin_Win64;Shared;'
2015-10-02 16:28:36,681 [ 1] INFO  PhotonHostRuntime.PhotonDomainManager -   ConfigurationFile = 'D:\Photon-OnPremise-Server-SDK_v3-4-30-9719\deploy\LiteLobby\bin\LiteLobby.dll.config'
2015-10-02 16:28:36,683 [ 1] INFO  PhotonHostRuntime.PhotonDomainManager -   CachePath = 'D:\Photon-OnPremise-Server-SDK_v3-4-30-9719\deploy\LiteLobby\bin\Cache'
2015-10-02 16:28:36,736 [ 1] INFO  PhotonHostRuntime.PhotonDomainManager -   ApplicationPath = 'D:\Photon-OnPremise-Server-SDK_v3-4-30-9719\deploy\LiteLobby'
2015-10-02 16:28:36,739 [ 1] INFO  PhotonHostRuntime.PhotonDomainManager -   BinaryPath = 'D:\Photon-OnPremise-Server-SDK_v3-4-30-9719\deploy\LiteLobby\bin'
2015-10-02 16:28:36,739 [ 1] INFO  PhotonHostRuntime.PhotonDomainManager -   ApplicationRootPath = 'D:\Photon-OnPremise-Server-SDK_v3-4-30-9719\deploy'
2015-10-02 16:28:36,739 [ 1] INFO  PhotonHostRuntime.PhotonDomainManager -   UnmanagedLogPath = 'D:\Photon-OnPremise-Server-SDK_v3-4-30-9719\deploy\bin_Win64\log'
2015-10-02 16:28:36,754 [ 1] INFO  PhotonHostRuntime.PhotonDomainManager - AssemblyLoadEvent: LiteLobby, Version=3.4.30.9718, Culture=neutral, PublicKeyToken=null from file:///D:/Photon-OnPremise-Server-SDK_v3-4-30-9719/deploy/LiteLobby/bin/LiteLobby.DLL
2015-10-02 16:28:36,754 [ 1] INFO  PhotonHostRuntime.PhotonDomainManager - Photon SDK:3.4.30.9718
2015-10-02 16:28:36,754 [ 1] INFO  PhotonHostRuntime.PhotonDomainManager - AssemblyLoadEvent: Lite, Version=3.4.30.9718, Culture=neutral, PublicKeyToken=null from file:///D:/Photon-OnPremise-Server-SDK_v3-4-30-9719/deploy/LiteLobby/bin/Lite.DLL
2015-10-02 16:28:36,770 [ 1] INFO  PhotonHostRuntime.PhotonDomainManager - AssemblyLoadEvent: Photon.SocketServer, Version=3.4.30.9718, Culture=neutral, PublicKeyToken=48c2fa3b6988090e from file:///D:/Photon-OnPremise-Server-SDK_v3-4-30-9719/deploy/LiteLobby/bin/Photon.SocketServer.DLL
2015-10-02 16:28:36,786 [ 1] INFO  PhotonHostRuntime.PhotonDomainManager - AssemblyLoadEvent: ExitGamesLibs, Version=1.0.1.0, Culture=neutral, PublicKeyToken=eac0edd9746a4aa0 from file:///D:/Photon-OnPremise-Server-SDK_v3-4-30-9719/deploy/LiteLobby/bin/ExitGamesLibs.DLL
2015-10-02 16:28:36,786 [ 1] INFO  PhotonHostRuntime.PhotonDomainManager - Starting: name = 'LiteLobby', assemblyName = 'LiteLobby', typeName = 'LiteLobby.LiteLobbyApplication'
2015-10-02 16:28:36,801 [ 1] INFO  PhotonHostRuntime.PhotonDomainManager - CreateAppDomain: name = 'MmoDemo' , assemblyName = 'Photon.MmoDemo.Server'
2015-10-02 16:28:36,801 [ 1] INFO  PhotonHostRuntime.PhotonDomainManager -   ApplicationBase = 'D:\Photon-OnPremise-Server-SDK_v3-4-30-9719\deploy'
2015-10-02 16:28:36,801 [ 1] INFO  PhotonHostRuntime.PhotonDomainManager -   PrivateBinPath = 'D:\Photon-OnPremise-Server-SDK_v3-4-30-9719\deploy\MmoDemo\bin;bin_Win64;Shared;'
2015-10-02 16:28:36,801 [ 1] INFO  PhotonHostRuntime.PhotonDomainManager -   ConfigurationFile = ''
2015-10-02 16:28:36,801 [ 1] INFO  PhotonHostRuntime.PhotonDomainManager -   CachePath = 'D:\Photon-OnPremise-Server-SDK_v3-4-30-9719\deploy\MmoDemo\bin\Cache'
2015-10-02 16:28:36,855 [ 1] INFO  PhotonHostRuntime.PhotonDomainManager -   ApplicationPath = 'D:\Photon-OnPremise-Server-SDK_v3-4-30-9719\deploy\MmoDemo'
2015-10-02 16:28:36,855 [ 1] INFO  PhotonHostRuntime.PhotonDomainManager -   BinaryPath = 'D:\Photon-OnPremise-Server-SDK_v3-4-30-9719\deploy\MmoDemo\bin'
2015-10-02 16:28:36,855 [ 1] INFO  PhotonHostRuntime.PhotonDomainManager -   ApplicationRootPath = 'D:\Photon-OnPremise-Server-SDK_v3-4-30-9719\deploy'
2015-10-02 16:28:36,855 [ 1] INFO  PhotonHostRuntime.PhotonDomainManager -   UnmanagedLogPath = 'D:\Photon-OnPremise-Server-SDK_v3-4-30-9719\deploy\bin_Win64\log'
2015-10-02 16:28:36,871 [ 1] INFO  PhotonHostRuntime.PhotonDomainManager - AssemblyLoadEvent: Photon.MmoDemo.Server, Version=3.4.30.9718, Culture=neutral, PublicKeyToken=null from file:///D:/Photon-OnPremise-Server-SDK_v3-4-30-9719/deploy/MmoDemo/bin/Photon.MmoDemo.Server.DLL
2015-10-02 16:28:36,871 [ 1] INFO  PhotonHostRuntime.PhotonDomainManager - Photon SDK:3.4.30.9718
2015-10-02 16:28:36,886 [ 1] INFO  PhotonHostRuntime.PhotonDomainManager - AssemblyLoadEvent: Photon.SocketServer, Version=3.4.30.9718, Culture=neutral, PublicKeyToken=48c2fa3b6988090e from file:///D:/Photon-OnPremise-Server-SDK_v3-4-30-9719/deploy/MmoDemo/bin/Photon.SocketServer.DLL
2015-10-02 16:28:36,915 [ 1] INFO  PhotonHostRuntime.PhotonDomainManager - AssemblyLoadEvent: ExitGamesLibs, Version=1.0.1.0, Culture=neutral, PublicKeyToken=eac0edd9746a4aa0 from file:///D:/Photon-OnPremise-Server-SDK_v3-4-30-9719/deploy/MmoDemo/bin/ExitGamesLibs.DLL
2015-10-02 16:28:36,923 [ 1] INFO  PhotonHostRuntime.PhotonDomainManager - Starting: name = 'MmoDemo', assemblyName = 'Photon.MmoDemo.Server', typeName = 'Photon.MmoDemo.Server.PhotonApplication'
2015-10-02 16:28:36,926 [ 1] INFO  PhotonHostRuntime.PhotonDomainManager - CreateAppDomain: name = 'CounterPublisher' , assemblyName = 'CounterPublisher'
2015-10-02 16:28:36,928 [ 1] INFO  PhotonHostRuntime.PhotonDomainManager -   ApplicationBase = 'D:\Photon-OnPremise-Server-SDK_v3-4-30-9719\deploy'
2015-10-02 16:28:36,930 [ 1] INFO  PhotonHostRuntime.PhotonDomainManager -   PrivateBinPath = 'D:\Photon-OnPremise-Server-SDK_v3-4-30-9719\deploy\CounterPublisher\bin;bin_Win64;Shared;'
2015-10-02 16:28:36,931 [ 1] INFO  PhotonHostRuntime.PhotonDomainManager -   ConfigurationFile = 'D:\Photon-OnPremise-Server-SDK_v3-4-30-9719\deploy\CounterPublisher\bin\CounterPublisher.dll.config'
2015-10-02 16:28:36,933 [ 1] INFO  PhotonHostRuntime.PhotonDomainManager -   CachePath = 'D:\Photon-OnPremise-Server-SDK_v3-4-30-9719\deploy\CounterPublisher\bin\Cache'
2015-10-02 16:28:36,993 [ 1] INFO  PhotonHostRuntime.PhotonDomainManager -   ApplicationPath = 'D:\Photon-OnPremise-Server-SDK_v3-4-30-9719\deploy\CounterPublisher'
2015-10-02 16:28:36,995 [ 1] INFO  PhotonHostRuntime.PhotonDomainManager -   BinaryPath = 'D:\Photon-OnPremise-Server-SDK_v3-4-30-9719\deploy\CounterPublisher\bin'
2015-10-02 16:28:36,997 [ 1] INFO  PhotonHostRuntime.PhotonDomainManager -   ApplicationRootPath = 'D:\Photon-OnPremise-Server-SDK_v3-4-30-9719\deploy'
2015-10-02 16:28:36,998 [ 1] INFO  PhotonHostRuntime.PhotonDomainManager -   UnmanagedLogPath = 'D:\Photon-OnPremise-Server-SDK_v3-4-30-9719\deploy\bin_Win64\log'
2015-10-02 16:28:37,015 [ 1] INFO  PhotonHostRuntime.PhotonDomainManager - AssemblyLoadEvent: CounterPublisher, Version=3.4.30.9718, Culture=neutral, PublicKeyToken=null from file:///D:/Photon-OnPremise-Server-SDK_v3-4-30-9719/deploy/CounterPublisher/bin/CounterPublisher.DLL
2015-10-02 16:28:37,017 [ 1] INFO  PhotonHostRuntime.PhotonDomainManager - Photon SDK:3.4.30.9718
2015-10-02 16:28:37,032 [ 1] INFO  PhotonHostRuntime.PhotonDomainManager - AssemblyLoadEvent: Photon.SocketServer, Version=3.4.30.9718, Culture=neutral, PublicKeyToken=48c2fa3b6988090e from file:///D:/Photon-OnPremise-Server-SDK_v3-4-30-9719/deploy/CounterPublisher/bin/Photon.SocketServer.DLL
2015-10-02 16:28:37,047 [ 1] INFO  PhotonHostRuntime.PhotonDomainManager - AssemblyLoadEvent: ExitGamesLibs, Version=1.0.1.0, Culture=neutral, PublicKeyToken=eac0edd9746a4aa0 from file:///D:/Photon-OnPremise-Server-SDK_v3-4-30-9719/deploy/CounterPublisher/bin/ExitGamesLibs.DLL
2015-10-02 16:28:37,054 [ 1] INFO  PhotonHostRuntime.PhotonDomainManager - Starting: name = 'CounterPublisher', assemblyName = 'CounterPublisher', typeName = 'Photon.CounterPublisher.Application'
2015-10-02 16:28:37,078 [ 1] INFO  PhotonHostRuntime.PhotonDomainManager - PhotonRunning: ApplicationName = 'ChatServer', DomainId='2' -- calling Application.Setup
2015-10-02 16:28:37,086 [ 1] INFO  PhotonHostRuntime.PhotonDomainManager - PhotonRunning: ApplicationName = 'CounterPublisher', DomainId='6' -- calling Application.Setup
2015-10-02 16:28:37,092 [ 1] INFO  PhotonHostRuntime.PhotonDomainManager - AssemblyLoadEvent: ExitGames.Logging.Log4Net, Version=1.0.1.0, Culture=neutral, PublicKeyToken=eac0edd9746a4aa0 from file:///D:/Photon-OnPremise-Server-SDK_v3-4-30-9719/deploy/CounterPublisher/bin/ExitGames.Logging.Log4Net.DLL
2015-10-02 16:28:38,745 [ 1] INFO  PhotonHostRuntime.PhotonDomainManager - PhotonRunning: ApplicationName = 'Lite', DomainId='3' -- calling Application.Setup
2015-10-02 16:28:38,745 [ 1] INFO  PhotonHostRuntime.PhotonDomainManager - AssemblyLoadEvent: ExitGames.Logging.Log4Net, Version=1.0.1.0, Culture=neutral, PublicKeyToken=eac0edd9746a4aa0 from file:///D:/Photon-OnPremise-Server-SDK_v3-4-30-9719/deploy/Lite/bin/ExitGames.Logging.Log4Net.DLL
2015-10-02 16:28:38,855 [ 1] INFO  PhotonHostRuntime.PhotonDomainManager - PhotonRunning: ApplicationName = 'LiteLobby', DomainId='4' -- calling Application.Setup
2015-10-02 16:28:38,855 [ 1] INFO  PhotonHostRuntime.PhotonDomainManager - AssemblyLoadEvent: ExitGames.Logging.Log4Net, Version=1.0.1.0, Culture=neutral, PublicKeyToken=eac0edd9746a4aa0 from file:///D:/Photon-OnPremise-Server-SDK_v3-4-30-9719/deploy/LiteLobby/bin/ExitGames.Logging.Log4Net.DLL
2015-10-02 16:28:38,964 [ 1] INFO  PhotonHostRuntime.PhotonDomainManager - PhotonRunning: ApplicationName = 'MmoDemo', DomainId='5' -- calling Application.Setup
2015-10-02 16:28:38,964 [ 1] INFO  PhotonHostRuntime.PhotonDomainManager - AssemblyLoadEvent: ExitGames.Logging.Log4Net, Version=1.0.1.0, Culture=neutral, PublicKeyToken=eac0edd9746a4aa0 from file:///D:/Photon-OnPremise-Server-SDK_v3-4-30-9719/deploy/MmoDemo/bin/ExitGames.Logging.Log4Net.DLL
2015-10-02 16:28:39,501 [ 1] INFO  PhotonHostRuntime.PhotonDomainManager - PhotonRunning: ApplicationName = 'DefaultDomain', DomainId='1'
2015-10-02 16:30:38,889 [ 1] INFO  PhotonHostRuntime.PhotonDomainManager - RequestStop: ApplicationName = 'ChatServer', DomainId='2' -- calling Application.OnStopRequested()
2015-10-02 16:30:38,889 [ 1] INFO  PhotonHostRuntime.PhotonDomainManager - RequestStop: ApplicationName = 'CounterPublisher', DomainId='6' -- calling Application.OnStopRequested()
2015-10-02 16:30:38,905 [ 1] INFO  PhotonHostRuntime.PhotonDomainManager - RequestStop: ApplicationName = 'Lite', DomainId='3' -- calling Application.OnStopRequested()
2015-10-02 16:30:38,905 [ 1] INFO  PhotonHostRuntime.PhotonDomainManager - RequestStop: ApplicationName = 'LiteLobby', DomainId='4' -- calling Application.OnStopRequested()
2015-10-02 16:30:38,905 [ 1] INFO  PhotonHostRuntime.PhotonDomainManager - RequestStop: ApplicationName = 'MmoDemo', DomainId='5' -- calling Application.OnStopRequested()
2015-10-02 16:30:38,905 [ 1] INFO  PhotonHostRuntime.PhotonDomainManager - RequestStop: ApplicationName = 'DefaultDomain', DomainId='1'
2015-10-02 16:30:38,905 [ 1] INFO  PhotonHostRuntime.PhotonDomainManager - Stop: ApplicationName = 'ChatServer', DomainId='2' -- calling Application.TearDown()
2015-10-02 16:30:38,905 [ 1] INFO  PhotonHostRuntime.PhotonDomainManager - Stop: ApplicationName = 'CounterPublisher', DomainId='6' -- calling Application.TearDown()
2015-10-02 16:30:38,920 [ 1] INFO  PhotonHostRuntime.PhotonDomainManager - Stop: ApplicationName = 'Lite', DomainId='3' -- calling Application.TearDown()
2015-10-02 16:30:38,920 [ 1] INFO  PhotonHostRuntime.PhotonDomainManager - Stop: ApplicationName = 'LiteLobby', DomainId='4' -- calling Application.TearDown()
2015-10-02 16:30:38,920 [ 1] INFO  PhotonHostRuntime.PhotonDomainManager - Stop: ApplicationName = 'MmoDemo', DomainId='5' -- calling Application.TearDown()
2015-10-02 16:30:38,967 [14] ERROR PhotonHostRuntime.PhotonDomainManager - UnhandledException: 
System.AppDomainUnloadedException: Attempted to access an unloaded AppDomain.
2015-10-02 16:30:42,105 [ 1] INFO  PhotonHostRuntime.PhotonDomainManager - Initialize: ApplicationName = 'DefaultDomain', DomainID = '1'
2015-10-02 16:30:42,120 [ 1] INFO  PhotonHostRuntime.PhotonDomainManager - AppDomains with unhandled exceptions are usually not unloaded and restarted.
2015-10-02 16:30:42,120 [ 1] INFO  PhotonHostRuntime.PhotonDomainManager - Getting license information:
2015-10-02 16:30:42,410 [ 1] INFO  PhotonHostRuntime.PhotonLicensing - LICENSE: No license file was found - starting with Bootstrap License.
2015-10-02 16:30:42,410 [ 1] INFO  PhotonHostRuntime.PhotonLicensing - LICENSE: Expiration: never; floating license: no; max connections: 20; valid IPs: any
2015-10-02 16:30:43,709 [ 1] INFO  PhotonHostRuntime.PhotonDomainManager - CreateAppDomain: name = 'ChatServer' , assemblyName = 'ChatServer'
2015-10-02 16:30:43,709 [ 1] INFO  PhotonHostRuntime.PhotonDomainManager -   ApplicationBase = 'D:\Photon-OnPremise-Server-SDK_v3-4-30-9719\deploy'
2015-10-02 16:30:43,725 [ 1] INFO  PhotonHostRuntime.PhotonDomainManager -   PrivateBinPath = 'D:\Photon-OnPremise-Server-SDK_v3-4-30-9719\deploy\ChatServer\bin;bin_Win64;Shared;'
2015-10-02 16:30:43,725 [ 1] INFO  PhotonHostRuntime.PhotonDomainManager -   ConfigurationFile = ''
2015-10-02 16:30:43,725 [ 1] INFO  PhotonHostRuntime.PhotonDomainManager -   CachePath = ''
2015-10-02 16:30:43,740 [ 1] INFO  PhotonHostRuntime.PhotonDomainManager -   ApplicationPath = 'D:\Photon-OnPremise-Server-SDK_v3-4-30-9719\deploy\ChatServer'
2015-10-02 16:30:43,740 [ 1] INFO  PhotonHostRuntime.PhotonDomainManager -   BinaryPath = 'D:\Photon-OnPremise-Server-SDK_v3-4-30-9719\deploy\ChatServer\bin'
2015-10-02 16:30:43,756 [ 1] INFO  PhotonHostRuntime.PhotonDomainManager -   ApplicationRootPath = 'D:\Photon-OnPremise-Server-SDK_v3-4-30-9719\deploy'
2015-10-02 16:30:43,756 [ 1] INFO  PhotonHostRuntime.PhotonDomainManager -   UnmanagedLogPath = 'D:\Photon-OnPremise-Server-SDK_v3-4-30-9719\deploy\bin_Win64\log'
2015-10-02 16:30:43,756 [ 1] INFO  PhotonHostRuntime.PhotonDomainManager - AssemblyLoadEvent: ChatServer, Version=1.0.0.0, Culture=neutral, PublicKeyToken=null from file:///D:/Photon-OnPremise-Server-SDK_v3-4-30-9719/deploy/ChatServer/bin/ChatServer.DLL
2015-10-02 16:30:43,756 [ 1] INFO  PhotonHostRuntime.PhotonDomainManager - Photon SDK:3.4.30.9718
2015-10-02 16:30:43,756 [ 1] INFO  PhotonHostRuntime.PhotonDomainManager - AssemblyLoadEvent: Photon.SocketServer, Version=3.4.30.9718, Culture=neutral, PublicKeyToken=48c2fa3b6988090e from file:///D:/Photon-OnPremise-Server-SDK_v3-4-30-9719/deploy/ChatServer/bin/Photon.SocketServer.DLL
2015-10-02 16:30:43,756 [ 1] INFO  PhotonHostRuntime.PhotonDomainManager - AssemblyLoadEvent: ExitGamesLibs, Version=1.0.1.0, Culture=neutral, PublicKeyToken=eac0edd9746a4aa0 from file:///D:/Photon-OnPremise-Server-SDK_v3-4-30-9719/deploy/ChatServer/bin/ExitGamesLibs.DLL
2015-10-02 16:30:43,772 [ 1] INFO  PhotonHostRuntime.PhotonDomainManager - Starting: name = 'ChatServer', assemblyName = 'ChatServer', typeName = 'ChatServer'
2015-10-02 16:30:43,772 [ 1] INFO  PhotonHostRuntime.PhotonDomainManager - PhotonRunning: ApplicationName = 'ChatServer', DomainId='2' -- calling Application.Setup
2015-10-02 16:30:43,793 [ 1] INFO  PhotonHostRuntime.PhotonDomainManager - PhotonRunning: ApplicationName = 'DefaultDomain', DomainId='1'
2015-10-02 16:30:49,056 [ 1] INFO  PhotonHostRuntime.PhotonDomainManager - RequestStop: ApplicationName = 'ChatServer', DomainId='2' -- calling Application.OnStopRequested()
2015-10-02 16:30:49,059 [ 1] INFO  PhotonHostRuntime.PhotonDomainManager - RequestStop: ApplicationName = 'DefaultDomain', DomainId='1'
2015-10-02 16:30:49,061 [ 1] INFO  PhotonHostRuntime.PhotonDomainManager - Stop: ApplicationName = 'ChatServer', DomainId='2' -- calling Application.TearDown()
2015-10-02 16:30:53,116 [ 1] INFO  PhotonHostRuntime.PhotonDomainManager - Initialize: ApplicationName = 'DefaultDomain', DomainID = '1'
2015-10-02 16:30:53,132 [ 1] INFO  PhotonHostRuntime.PhotonDomainManager - AppDomains with unhandled exceptions are usually not unloaded and restarted.
2015-10-02 16:30:53,132 [ 1] INFO  PhotonHostRuntime.PhotonDomainManager - Getting license information:
2015-10-02 16:30:53,424 [ 1] INFO  PhotonHostRuntime.PhotonLicensing - LICENSE: No license file was found - starting with Bootstrap License.
2015-10-02 16:30:53,426 [ 1] INFO  PhotonHostRuntime.PhotonLicensing - LICENSE: Expiration: never; floating license: no; max connections: 20; valid IPs: any
2015-10-02 16:30:54,664 [ 1] INFO  PhotonHostRuntime.PhotonDomainManager - CreateAppDomain: name = 'ChatServer' , assemblyName = 'ChatServer'
2015-10-02 16:30:54,664 [ 1] INFO  PhotonHostRuntime.PhotonDomainManager -   ApplicationBase = 'D:\Photon-OnPremise-Server-SDK_v3-4-30-9719\deploy'
2015-10-02 16:30:54,664 [ 1] INFO  PhotonHostRuntime.PhotonDomainManager -   PrivateBinPath = 'D:\Photon-OnPremise-Server-SDK_v3-4-30-9719\deploy\ChatServer\bin;bin_Win64;Shared;'
2015-10-02 16:30:54,664 [ 1] INFO  PhotonHostRuntime.PhotonDomainManager -   ConfigurationFile = ''
2015-10-02 16:30:54,664 [ 1] INFO  PhotonHostRuntime.PhotonDomainManager -   CachePath = ''
2015-10-02 16:30:54,695 [ 1] INFO  PhotonHostRuntime.PhotonDomainManager -   ApplicationPath = 'D:\Photon-OnPremise-Server-SDK_v3-4-30-9719\deploy\ChatServer'
2015-10-02 16:30:54,695 [ 1] INFO  PhotonHostRuntime.PhotonDomainManager -   BinaryPath = 'D:\Photon-OnPremise-Server-SDK_v3-4-30-9719\deploy\ChatServer\bin'
2015-10-02 16:30:54,695 [ 1] INFO  PhotonHostRuntime.PhotonDomainManager -   ApplicationRootPath = 'D:\Photon-OnPremise-Server-SDK_v3-4-30-9719\deploy'
2015-10-02 16:30:54,695 [ 1] INFO  PhotonHostRuntime.PhotonDomainManager -   UnmanagedLogPath = 'D:\Photon-OnPremise-Server-SDK_v3-4-30-9719\deploy\bin_Win64\log'
2015-10-02 16:30:54,695 [ 1] INFO  PhotonHostRuntime.PhotonDomainManager - AssemblyLoadEvent: ChatServer, Version=1.0.0.0, Culture=neutral, PublicKeyToken=null from file:///D:/Photon-OnPremise-Server-SDK_v3-4-30-9719/deploy/ChatServer/bin/ChatServer.DLL
2015-10-02 16:30:54,695 [ 1] INFO  PhotonHostRuntime.PhotonDomainManager - Photon SDK:3.4.30.9718
2015-10-02 16:30:54,710 [ 1] INFO  PhotonHostRuntime.PhotonDomainManager - AssemblyLoadEvent: Photon.SocketServer, Version=3.4.30.9718, Culture=neutral, PublicKeyToken=48c2fa3b6988090e from file:///D:/Photon-OnPremise-Server-SDK_v3-4-30-9719/deploy/ChatServer/bin/Photon.SocketServer.DLL
2015-10-02 16:30:54,710 [ 1] INFO  PhotonHostRuntime.PhotonDomainManager - AssemblyLoadEvent: ExitGamesLibs, Version=1.0.1.0, Culture=neutral, PublicKeyToken=eac0edd9746a4aa0 from file:///D:/Photon-OnPremise-Server-SDK_v3-4-30-9719/deploy/ChatServer/bin/ExitGamesLibs.DLL
2015-10-02 16:30:54,710 [ 1] INFO  PhotonHostRuntime.PhotonDomainManager - Starting: name = 'ChatServer', assemblyName = 'ChatServer', typeName = 'ChatServer'
2015-10-02 16:30:54,726 [ 1] INFO  PhotonHostRuntime.PhotonDomainManager - PhotonRunning: ApplicationName = 'ChatServer', DomainId='2' -- calling Application.Setup
2015-10-02 16:30:54,726 [ 1] INFO  PhotonHostRuntime.PhotonDomainManager - PhotonRunning: ApplicationName = 'DefaultDomain', DomainId='1'
2015-10-02 16:44:00,383 [ 1] INFO  PhotonHostRuntime.PhotonDomainManager - RequestStop: ApplicationName = 'DefaultDomain', DomainId='1'
2015-10-02 16:44:02,624 [ 1] INFO  PhotonHostRuntime.PhotonDomainManager - Initialize: ApplicationName = 'DefaultDomain', DomainID = '1'
2015-10-02 16:44:02,624 [ 1] INFO  PhotonHostRuntime.PhotonDomainManager - AppDomains with unhandled exceptions are usually not unloaded and restarted.
2015-10-02 16:44:02,640 [ 1] INFO  PhotonHostRuntime.PhotonDomainManager - Getting license information:
2015-10-02 16:44:02,911 [ 1] INFO  PhotonHostRuntime.PhotonLicensing - LICENSE: No license file was found - starting with Bootstrap License.
2015-10-02 16:44:02,911 [ 1] INFO  PhotonHostRuntime.PhotonLicensing - LICENSE: Expiration: never; floating license: no; max connections: 20; valid IPs: any
2015-10-02 16:44:04,210 [ 1] INFO  PhotonHostRuntime.PhotonDomainManager - CreateAppDomain: name = 'ChatServer' , assemblyName = 'ChatServer'
2015-10-02 16:44:04,210 [ 1] INFO  PhotonHostRuntime.PhotonDomainManager -   ApplicationBase = 'D:\Photon-OnPremise-Server-SDK_v3-4-30-9719\deploy'
2015-10-02 16:44:04,225 [ 1] INFO  PhotonHostRuntime.PhotonDomainManager -   PrivateBinPath = 'D:\Photon-OnPremise-Server-SDK_v3-4-30-9719\deploy\ChatServer\bin;bin_Win64;Shared;'
2015-10-02 16:44:04,225 [ 1] INFO  PhotonHostRuntime.PhotonDomainManager -   ConfigurationFile = ''
2015-10-02 16:44:04,225 [ 1] INFO  PhotonHostRuntime.PhotonDomainManager -   CachePath = ''
2015-10-02 16:44:04,241 [ 1] INFO  PhotonHostRuntime.PhotonDomainManager -   ApplicationPath = 'D:\Photon-OnPremise-Server-SDK_v3-4-30-9719\deploy\ChatServer'
2015-10-02 16:44:04,256 [ 1] INFO  PhotonHostRuntime.PhotonDomainManager -   BinaryPath = 'D:\Photon-OnPremise-Server-SDK_v3-4-30-9719\deploy\ChatServer\bin'
2015-10-02 16:44:04,256 [ 1] INFO  PhotonHostRuntime.PhotonDomainManager -   ApplicationRootPath = 'D:\Photon-OnPremise-Server-SDK_v3-4-30-9719\deploy'
2015-10-02 16:44:04,256 [ 1] INFO  PhotonHostRuntime.PhotonDomainManager -   UnmanagedLogPath = 'D:\Photon-OnPremise-Server-SDK_v3-4-30-9719\deploy\bin_Win64\log'
2015-10-02 16:44:04,256 [ 1] INFO  PhotonHostRuntime.PhotonDomainManager - AssemblyLoadEvent: ChatServer, Version=1.0.0.0, Culture=neutral, PublicKeyToken=null from file:///D:/Photon-OnPremise-Server-SDK_v3-4-30-9719/deploy/ChatServer/bin/ChatServer.DLL
2015-10-02 16:44:04,256 [ 1] INFO  PhotonHostRuntime.PhotonDomainManager - Photon SDK:3.4.30.9718
2015-10-02 16:44:04,256 [ 1] INFO  PhotonHostRuntime.PhotonDomainManager - AssemblyLoadEvent: Photon.SocketServer, Version=3.4.30.9718, Culture=neutral, PublicKeyToken=48c2fa3b6988090e from file:///D:/Photon-OnPremise-Server-SDK_v3-4-30-9719/deploy/ChatServer/bin/Photon.SocketServer.DLL
2015-10-02 16:44:04,272 [ 1] INFO  PhotonHostRuntime.PhotonDomainManager - AssemblyLoadEvent: ExitGamesLibs, Version=1.0.1.0, Culture=neutral, PublicKeyToken=eac0edd9746a4aa0 from file:///D:/Photon-OnPremise-Server-SDK_v3-4-30-9719/deploy/ChatServer/bin/ExitGamesLibs.DLL
2015-10-02 16:44:04,272 [ 1] INFO  PhotonHostRuntime.PhotonDomainManager - Starting: name = 'ChatServer', assemblyName = 'ChatServer', typeName = 'ChatServer'
2015-10-02 16:44:04,288 [ 1] INFO  PhotonHostRuntime.PhotonDomainManager - PhotonRunning: ApplicationName = 'ChatServer', DomainId='2' -- calling Application.Setup
2015-10-02 16:44:04,288 [ 1] INFO  PhotonHostRuntime.PhotonDomainManager - PhotonRunning: ApplicationName = 'DefaultDomain', DomainId='1'
2015-10-06 14:32:00,274 [ 1] INFO  PhotonHostRuntime.PhotonDomainManager - Initialize: ApplicationName = 'DefaultDomain', DomainID = '1'
2015-10-06 14:32:00,290 [ 1] INFO  PhotonHostRuntime.PhotonDomainManager - AppDomains with unhandled exceptions are usually not unloaded and restarted.
2015-10-06 14:32:00,293 [ 1] INFO  PhotonHostRuntime.PhotonDomainManager - Getting license information:
2015-10-06 14:32:00,600 [ 1] INFO  PhotonHostRuntime.PhotonLicensing - LICENSE: No license file was found - starting with Bootstrap License.
2015-10-06 14:32:00,603 [ 1] INFO  PhotonHostRuntime.PhotonLicensing - LICENSE: Expiration: never; floating license: no; max connections: 20; valid IPs: any
2015-10-06 14:32:01,826 [ 1] INFO  PhotonHostRuntime.PhotonDomainManager - CreateAppDomain: name = 'ChatServer' , assemblyName = 'ChatServer'
2015-10-06 14:32:01,846 [ 1] INFO  PhotonHostRuntime.PhotonDomainManager -   ApplicationBase = 'D:\Photon-OnPremise-Server-SDK_v3-4-30-9719\deploy'
2015-10-06 14:32:01,848 [ 1] INFO  PhotonHostRuntime.PhotonDomainManager -   PrivateBinPath = 'D:\Photon-OnPremise-Server-SDK_v3-4-30-9719\deploy\ChatServer\bin;bin_Win64;Shared;'
2015-10-06 14:32:01,850 [ 1] INFO  PhotonHostRuntime.PhotonDomainManager -   ConfigurationFile = ''
2015-10-06 14:32:01,851 [ 1] INFO  PhotonHostRuntime.PhotonDomainManager -   CachePath = ''
2015-10-06 14:32:01,877 [ 1] INFO  PhotonHostRuntime.PhotonDomainManager -   ApplicationPath = 'D:\Photon-OnPremise-Server-SDK_v3-4-30-9719\deploy\ChatServer'
2015-10-06 14:32:01,880 [ 1] INFO  PhotonHostRuntime.PhotonDomainManager -   BinaryPath = 'D:\Photon-OnPremise-Server-SDK_v3-4-30-9719\deploy\ChatServer\bin'
2015-10-06 14:32:01,881 [ 1] INFO  PhotonHostRuntime.PhotonDomainManager -   ApplicationRootPath = 'D:\Photon-OnPremise-Server-SDK_v3-4-30-9719\deploy'
2015-10-06 14:32:01,883 [ 1] INFO  PhotonHostRuntime.PhotonDomainManager -   UnmanagedLogPath = 'D:\Photon-OnPremise-Server-SDK_v3-4-30-9719\deploy\bin_Win64\log'
2015-10-06 14:32:01,901 [ 1] INFO  PhotonHostRuntime.PhotonDomainManager - AssemblyLoadEvent: ChatServer, Version=1.0.0.0, Culture=neutral, PublicKeyToken=null from file:///D:/Photon-OnPremise-Server-SDK_v3-4-30-9719/deploy/ChatServer/bin/ChatServer.DLL
2015-10-06 14:32:01,903 [ 1] INFO  PhotonHostRuntime.PhotonDomainManager - Photon SDK:3.4.30.9718
2015-10-06 14:32:01,922 [ 1] INFO  PhotonHostRuntime.PhotonDomainManager - AssemblyLoadEvent: Photon.SocketServer, Version=3.4.30.9718, Culture=neutral, PublicKeyToken=48c2fa3b6988090e from file:///D:/Photon-OnPremise-Server-SDK_v3-4-30-9719/deploy/ChatServer/bin/Photon.SocketServer.DLL
2015-10-06 14:32:01,940 [ 1] INFO  PhotonHostRuntime.PhotonDomainManager - AssemblyLoadEvent: ExitGamesLibs, Version=1.0.1.0, Culture=neutral, PublicKeyToken=eac0edd9746a4aa0 from file:///D:/Photon-OnPremise-Server-SDK_v3-4-30-9719/deploy/ChatServer/bin/ExitGamesLibs.DLL
2015-10-06 14:32:01,948 [ 1] INFO  PhotonHostRuntime.PhotonDomainManager - Starting: name = 'ChatServer', assemblyName = 'ChatServer', typeName = 'ChatServer'
2015-10-06 14:32:01,962 [ 1] INFO  PhotonHostRuntime.PhotonDomainManager - PhotonRunning: ApplicationName = 'ChatServer', DomainId='2' -- calling Application.Setup
2015-10-06 14:32:01,970 [ 1] INFO  PhotonHostRuntime.PhotonDomainManager - PhotonRunning: ApplicationName = 'DefaultDomain', DomainId='1'
